[ 2019-09-24T21:49:16+08:00 ] 127.0.0.1 /
INFO: [ app_init ] --START--
INFO: Run Behavior\BuildLiteBehavior [ RunTime:0.000000s ]
INFO: [ app_init ] --END-- [ RunTime:0.001000s ]
INFO: [ app_begin ] --START--
INFO: Run Behavior\ReadHtmlCacheBehavior [ RunTime:0.001000s ]
INFO: [ app_begin ] --END-- [ RunTime:0.001000s ]

[ 2019-09-24T21:49:16+08:00 ] 127.0.0.1 /index.php/Home/Public/login.html
INFO: [ app_init ] --START--
INFO: Run Behavior\BuildLiteBehavior [ RunTime:0.000000s ]
INFO: [ app_init ] --END-- [ RunTime:0.000000s ]
INFO: [ app_begin ] --START--
INFO: Run Behavior\ReadHtmlCacheBehavior [ RunTime:0.001000s ]
INFO: [ app_begin ] --END-- [ RunTime:0.001000s ]
INFO: [ view_parse ] --START--
INFO: [ template_filter ] --START--
INFO: Run Behavior\ContentReplaceBehavior [ RunTime:0.000000s ]
INFO: [ template_filter ] --END-- [ RunTime:0.000000s ]
INFO: Run Behavior\ParseTemplateBehavior [ RunTime:0.029002s ]
INFO: [ view_parse ] --END-- [ RunTime:0.029002s ]
INFO: [ view_filter ] --START--
INFO: Run Behavior\WriteHtmlCacheBehavior [ RunTime:0.001000s ]
INFO: [ view_filter ] --END-- [ RunTime:0.001000s ]
INFO: [ app_end ] --START--
INFO: Run Behavior\ShowPageTraceBehavior [ RunTime:0.001000s ]
INFO: [ app_end ] --END-- [ RunTime:0.001000s ]

[ 2019-09-24T21:49:27+08:00 ] 127.0.0.1 /index.php/Home/Public/reg.html
INFO: [ app_init ] --START--
INFO: Run Behavior\BuildLiteBehavior [ RunTime:0.000000s ]
INFO: [ app_init ] --END-- [ RunTime:0.001000s ]
INFO: [ app_begin ] --START--
INFO: Run Behavior\ReadHtmlCacheBehavior [ RunTime:0.001000s ]
INFO: [ app_begin ] --END-- [ RunTime:0.001000s ]
INFO: [ view_parse ] --START--
INFO: [ template_filter ] --START--
INFO: Run Behavior\ContentReplaceBehavior [ RunTime:0.000000s ]
INFO: [ template_filter ] --END-- [ RunTime:0.000000s ]
INFO: Run Behavior\ParseTemplateBehavior [ RunTime:0.013001s ]
INFO: [ view_parse ] --END-- [ RunTime:0.013001s ]
INFO: [ view_filter ] --START--
INFO: Run Behavior\WriteHtmlCacheBehavior [ RunTime:0.001000s ]
INFO: [ view_filter ] --END-- [ RunTime:0.001000s ]
INFO: [ app_end ] --START--
INFO: Run Behavior\ShowPageTraceBehavior [ RunTime:0.001000s ]
INFO: [ app_end ] --END-- [ RunTime:0.001000s ]

[ 2019-09-24T21:49:40+08:00 ] 127.0.0.1 /index.php/Home/Public/reg.html
INFO: [ app_init ] --START--
INFO: Run Behavior\BuildLiteBehavior [ RunTime:0.000000s ]
INFO: [ app_init ] --END-- [ RunTime:0.001000s ]
INFO: [ app_begin ] --START--
INFO: Run Behavior\ReadHtmlCacheBehavior [ RunTime:0.001000s ]
INFO: [ app_begin ] --END-- [ RunTime:0.001000s ]
SQL: SHOW COLUMNS FROM `dt_member` [ RunTime:0.0140s ]
NOTIC: [8] Undefined index: code D:\wwwroot\demo.52jscn.com\Application\Home\Controller\PublicController.class.php 第 191 行.
SQL: SELECT * FROM `dt_member` WHERE `username` = '15588000000' LIMIT 1   [ RunTime:0.0010s ]
SQL: INSERT INTO `dt_member` (`username`,`nickname`,`password`,`p1`,`create_time`,`last_login_time`) VALUES ('15588000000','15588000000','f84d4be09d5bd26010f974a8871fa3ce','0','1569332980','1569332980') [ RunTime:0.0000s ]
SQL: SELECT * FROM `dt_member` WHERE `id` = 52773 LIMIT 1   [ RunTime:0.0010s ]

[ 2019-09-24T21:49:42+08:00 ] 127.0.0.1 /index.php/Home/task/appxiazai.html
INFO: [ app_init ] --START--
INFO: Run Behavior\BuildLiteBehavior [ RunTime:0.000000s ]
INFO: [ app_init ] --END-- [ RunTime:0.001000s ]
INFO: [ app_begin ] --START--
INFO: Run Behavior\ReadHtmlCacheBehavior [ RunTime:0.001000s ]
INFO: [ app_begin ] --END-- [ RunTime:0.001000s ]
NOTIC: [2048] Declaration of Home\Controller\TaskController::show() should be compatible with Think\Controller::show($content, $charset = '', $contentType = '', $prefix = '') D:\wwwroot\demo.52jscn.com\Application\Home\Controller\TaskController.class.php 第 6 行.
INFO: [ view_parse ] --START--
INFO: [ template_filter ] --START--
INFO: Run Behavior\ContentReplaceBehavior [ RunTime:0.001000s ]
INFO: [ template_filter ] --END-- [ RunTime:0.001000s ]
INFO: Run Behavior\ParseTemplateBehavior [ RunTime:0.012001s ]
INFO: [ view_parse ] --END-- [ RunTime:0.013001s ]
INFO: [ view_filter ] --START--
INFO: Run Behavior\WriteHtmlCacheBehavior [ RunTime:0.000000s ]
INFO: [ view_filter ] --END-- [ RunTime:0.000000s ]
INFO: [ app_end ] --START--
INFO: Run Behavior\ShowPageTraceBehavior [ RunTime:0.001000s ]
INFO: [ app_end ] --END-- [ RunTime:0.002000s ]

[ 2019-09-24T21:50:03+08:00 ] 127.0.0.1 /
INFO: [ app_init ] --START--
INFO: Run Behavior\BuildLiteBehavior [ RunTime:0.000000s ]
INFO: [ app_init ] --END-- [ RunTime:0.001001s ]
INFO: [ app_begin ] --START--
INFO: Run Behavior\ReadHtmlCacheBehavior [ RunTime:0.001000s ]
INFO: [ app_begin ] --END-- [ RunTime:0.001000s ]
SQL: SHOW COLUMNS FROM `dt_task` [ RunTime:0.0140s ]
NOTIC: [2048] Only variables should be passed by reference D:\wwwroot\demo.52jscn.com\ThinkPHP\Library\Think\Db\Driver.class.php 第 769 行.
SQL: SELECT `id`,`title`,`level`,`price`,`create_time`,`max_num`,`apply_num`,max_num-apply_num as leftnum,`tasklb`,`task_require`,`video_url`,`end_time` FROM `dt_task` WHERE `status` = 1 ORDER BY `id` desc LIMIT 800   [ RunTime:0.0010s ]
SQL: SHOW COLUMNS FROM `dt_level` [ RunTime:0.0150s ]
NOTIC: [2048] Only variables should be passed by reference D:\wwwroot\demo.52jscn.com\ThinkPHP\Library\Think\Db\Driver.class.php 第 769 行.
SQL: SELECT * FROM `dt_level` ORDER BY `id` asc  [ RunTime:0.0000s ]
SQL: SHOW COLUMNS FROM `dt_page` [ RunTime:0.0140s ]
NOTIC: [2048] Only variables should be passed by reference D:\wwwroot\demo.52jscn.com\ThinkPHP\Library\Think\Db\Driver.class.php 第 769 行.
SQL: SELECT `id`,`title`,`update_time` FROM `dt_page` WHERE `recommend` = 1 ORDER BY `update_time` asc LIMIT 3   [ RunTime:0.0000s ]
INFO: [ view_parse ] --START--
INFO: [ template_filter ] --START--
INFO: Run Behavior\ContentReplaceBehavior [ RunTime:0.001000s ]
INFO: [ template_filter ] --END-- [ RunTime:0.001000s ]
NOTIC: [8] Undefined variable: version D:\wwwroot\demo.52jscn.com\Runtime\Cache\Home\d678f280cf84122e981f201997603ea5.php 第 12 行.
INFO: Run Behavior\ParseTemplateBehavior [ RunTime:0.030002s ]
INFO: [ view_parse ] --END-- [ RunTime:0.030002s ]
INFO: [ view_filter ] --START--
INFO: Run Behavior\WriteHtmlCacheBehavior [ RunTime:0.001000s ]
INFO: [ view_filter ] --END-- [ RunTime:0.001000s ]
INFO: [ app_end ] --START--
INFO: Run Behavior\ShowPageTraceBehavior [ RunTime:0.001000s ]
INFO: [ app_end ] --END-- [ RunTime:0.001000s ]

[ 2019-09-24T21:50:17+08:00 ] 127.0.0.1 /index.php/Home/Task/get_task.html
INFO: [ app_init ] --START--
INFO: Run Behavior\BuildLiteBehavior [ RunTime:0.000000s ]
INFO: [ app_init ] --END-- [ RunTime:0.000000s ]
INFO: [ app_begin ] --START--
INFO: Run Behavior\ReadHtmlCacheBehavior [ RunTime:0.000000s ]
INFO: [ app_begin ] --END-- [ RunTime:0.000000s ]
NOTIC: [2048] Declaration of Home\Controller\TaskController::show() should be compatible with Think\Controller::show($content, $charset = '', $contentType = '', $prefix = '') D:\wwwroot\demo.52jscn.com\Application\Home\Controller\TaskController.class.php 第 6 行.
SQL: SHOW COLUMNS FROM `dt_member` [ RunTime:0.0280s ]
SQL: SELECT `level` FROM `dt_member` WHERE `id` = 52773 LIMIT 1   [ RunTime:0.0000s ]
SQL: SHOW COLUMNS FROM `dt_task` [ RunTime:0.0200s ]
SQL: SELECT `level`,`price`,`max_num`,`apply_num`,`end_time` FROM `dt_task` WHERE `id` = 395 LIMIT 1   [ RunTime:0.0000s ]
SQL: SHOW COLUMNS FROM `dt_level` [ RunTime:0.0150s ]
NOTIC: [2048] Only variables should be passed by reference D:\wwwroot\demo.52jscn.com\ThinkPHP\Library\Think\Db\Driver.class.php 第 769 行.
SQL: SELECT * FROM `dt_level` ORDER BY `id` asc  [ RunTime:0.0010s ]
SQL: SHOW COLUMNS FROM `dt_task_apply` [ RunTime:0.0140s ]
SQL: SELECT * FROM `dt_task_apply` WHERE `task_id` = 395 AND `member_id` = 52773 LIMIT 1   [ RunTime:0.0000s ]
SQL: SELECT `day_limit_task_num` FROM `dt_level` WHERE `level` = 0 LIMIT 1   [ RunTime:0.0000s ]
SQL: SELECT COUNT(*) AS tp_count FROM `dt_task_apply` WHERE (  create_time > 1569254400 and member_id=52773  ) LIMIT 1   [ RunTime:0.0010s ]
SQL: INSERT INTO `dt_task_apply` (`task_id`,`member_id`,`price`,`status`,`create_time`,`update_time`) VALUES ('395','52773','0.60','0','1569333017','1569333017') [ RunTime:0.0010s ]
SQL: UPDATE `dt_task` SET `apply_num`=apply_num+1 WHERE `id` = 395 [ RunTime:0.0000s ]

[ 2019-09-24T21:50:22+08:00 ] 127.0.0.1 /index.php/Home/Task/submission_task.html
INFO: [ app_init ] --START--
INFO: Run Behavior\BuildLiteBehavior [ RunTime:0.000000s ]
INFO: [ app_init ] --END-- [ RunTime:0.001000s ]
INFO: [ app_begin ] --START--
INFO: Run Behavior\ReadHtmlCacheBehavior [ RunTime:0.002000s ]
INFO: [ app_begin ] --END-- [ RunTime:0.002000s ]
NOTIC: [2048] Declaration of Home\Controller\TaskController::show() should be compatible with Think\Controller::show($content, $charset = '', $contentType = '', $prefix = '') D:\wwwroot\demo.52jscn.com\Application\Home\Controller\TaskController.class.php 第 6 行.
SQL: SHOW COLUMNS FROM `dt_task_apply` [ RunTime:0.0260s ]
SQL: SELECT COUNT(*) AS tp_count FROM dt_task_apply a WHERE a.member_id = '52773' AND a.status = 0 LIMIT 1   [ RunTime:0.0000s ]
NOTIC: [2048] Only variables should be passed by reference D:\wwwroot\demo.52jscn.com\ThinkPHP\Library\Think\Db\Driver.class.php 第 769 行.
SQL: SELECT a.*,b.title,b.task_require,b.video_url,b.tasklb,b.level,b.price,b.max_num,b.apply_num,b.max_num-b.apply_num as leftnum,b.level FROM dt_task_apply a left JOIN dt_task as b on a.task_id = b.id  WHERE a.member_id = '52773' AND a.status = 0 ORDER BY a.id desc LIMIT 0,10   [ RunTime:0.0010s ]
SQL: SHOW COLUMNS FROM `dt_level` [ RunTime:0.0170s ]
NOTIC: [2048] Only variables should be passed by reference D:\wwwroot\demo.52jscn.com\ThinkPHP\Library\Think\Db\Driver.class.php 第 769 行.
SQL: SELECT * FROM `dt_level` ORDER BY `id` asc  [ RunTime:0.0000s ]
INFO: [ view_parse ] --START--
INFO: [ template_filter ] --START--
INFO: Run Behavior\ContentReplaceBehavior [ RunTime:0.000000s ]
INFO: [ template_filter ] --END-- [ RunTime:0.000000s ]
INFO: Run Behavior\ParseTemplateBehavior [ RunTime:0.025002s ]
INFO: [ view_parse ] --END-- [ RunTime:0.025002s ]
INFO: [ view_filter ] --START--
INFO: Run Behavior\WriteHtmlCacheBehavior [ RunTime:0.001000s ]
INFO: [ view_filter ] --END-- [ RunTime:0.001000s ]
INFO: [ app_end ] --START--
INFO: Run Behavior\ShowPageTraceBehavior [ RunTime:0.002000s ]
INFO: [ app_end ] --END-- [ RunTime:0.002000s ]

[ 2019-09-24T21:50:40+08:00 ] 127.0.0.1 /index.php/Home/Task/submission_task_do/id/2846.html
INFO: [ app_init ] --START--
INFO: Run Behavior\BuildLiteBehavior [ RunTime:0.000000s ]
INFO: [ app_init ] --END-- [ RunTime:0.000000s ]
INFO: [ app_begin ] --START--
INFO: Run Behavior\ReadHtmlCacheBehavior [ RunTime:0.001000s ]
INFO: [ app_begin ] --END-- [ RunTime:0.001000s ]
NOTIC: [2048] Declaration of Home\Controller\TaskController::show() should be compatible with Think\Controller::show($content, $charset = '', $contentType = '', $prefix = '') D:\wwwroot\demo.52jscn.com\Application\Home\Controller\TaskController.class.php 第 6 行.
SQL: SHOW COLUMNS FROM `dt_task_apply` [ RunTime:0.0270s ]
SQL: SELECT * FROM `dt_task_apply` WHERE `id` = 2846 LIMIT 1   [ RunTime:0.0010s ]
SQL: SHOW COLUMNS FROM `dt_task` [ RunTime:0.0150s ]
SQL: SELECT `title` FROM `dt_task` WHERE `id` = 395 LIMIT 1   [ RunTime:0.0010s ]
INFO: [ view_parse ] --START--
INFO: [ template_filter ] --START--
INFO: Run Behavior\ContentReplaceBehavior [ RunTime:0.000000s ]
INFO: [ template_filter ] --END-- [ RunTime:0.000000s ]
INFO: Run Behavior\ParseTemplateBehavior [ RunTime:0.024001s ]
INFO: [ view_parse ] --END-- [ RunTime:0.024001s ]
INFO: [ view_filter ] --START--
INFO: Run Behavior\WriteHtmlCacheBehavior [ RunTime:0.001000s ]
INFO: [ view_filter ] --END-- [ RunTime:0.001000s ]
INFO: [ app_end ] --START--
INFO: Run Behavior\ShowPageTraceBehavior [ RunTime:0.002000s ]
INFO: [ app_end ] --END-- [ RunTime:0.002000s ]

[ 2019-09-24T21:50:43+08:00 ] 127.0.0.1 /index.php/Home/Member/vip.html
INFO: [ app_init ] --START--
INFO: Run Behavior\BuildLiteBehavior [ RunTime:0.000000s ]
INFO: [ app_init ] --END-- [ RunTime:0.001000s ]
INFO: [ app_begin ] --START--
INFO: Run Behavior\ReadHtmlCacheBehavior [ RunTime:0.001000s ]
INFO: [ app_begin ] --END-- [ RunTime:0.001000s ]
SQL: SHOW COLUMNS FROM `dt_member` [ RunTime:0.0270s ]
SQL: SELECT * FROM `dt_member` WHERE `id` = 52773 LIMIT 1   [ RunTime:0.0010s ]
SQL: SHOW COLUMNS FROM `dt_level` [ RunTime:0.0270s ]
NOTIC: [2048] Only variables should be passed by reference D:\wwwroot\demo.52jscn.com\ThinkPHP\Library\Think\Db\Driver.class.php 第 769 行.
SQL: SELECT * FROM `dt_level` ORDER BY `id` asc  [ RunTime:0.0000s ]
NOTIC: [2048] Only variables should be passed by reference D:\wwwroot\demo.52jscn.com\ThinkPHP\Library\Think\Db\Driver.class.php 第 769 行.
SQL: SELECT * FROM `dt_level` ORDER BY `id` asc  [ RunTime:0.0000s ]
INFO: [ view_parse ] --START--
INFO: [ template_filter ] --START--
INFO: Run Behavior\ContentReplaceBehavior [ RunTime:0.001000s ]
INFO: [ template_filter ] --END-- [ RunTime:0.001000s ]
INFO: Run Behavior\ParseTemplateBehavior [ RunTime:0.028002s ]
INFO: [ view_parse ] --END-- [ RunTime:0.028002s ]
INFO: [ view_filter ] --START--
INFO: Run Behavior\WriteHtmlCacheBehavior [ RunTime:0.002000s ]
INFO: [ view_filter ] --END-- [ RunTime:0.002000s ]
INFO: [ app_end ] --START--
INFO: Run Behavior\ShowPageTraceBehavior [ RunTime:0.002000s ]
INFO: [ app_end ] --END-- [ RunTime:0.002000s ]

[ 2019-09-24T21:51:02+08:00 ] 127.0.0.1 /index.php/Home/Member/vip.html
INFO: [ app_init ] --START--
INFO: Run Behavior\BuildLiteBehavior [ RunTime:0.000000s ]
INFO: [ app_init ] --END-- [ RunTime:0.000000s ]
INFO: [ app_begin ] --START--
INFO: Run Behavior\ReadHtmlCacheBehavior [ RunTime:0.001000s ]
INFO: [ app_begin ] --END-- [ RunTime:0.001000s ]
SQL: SHOW COLUMNS FROM `dt_member` [ RunTime:0.0190s ]
SQL: SELECT * FROM `dt_member` WHERE `id` = 52773 LIMIT 1   [ RunTime:0.0000s ]
SQL: SHOW COLUMNS FROM `dt_level` [ RunTime:0.0190s ]
NOTIC: [2048] Only variables should be passed by reference D:\wwwroot\demo.52jscn.com\ThinkPHP\Library\Think\Db\Driver.class.php 第 769 行.
SQL: SELECT * FROM `dt_level` ORDER BY `id` asc  [ RunTime:0.0010s ]
NOTIC: [2048] Only variables should be passed by reference D:\wwwroot\demo.52jscn.com\ThinkPHP\Library\Think\Db\Driver.class.php 第 769 行.
SQL: SELECT * FROM `dt_level` ORDER BY `id` asc  [ RunTime:0.0000s ]
INFO: [ view_parse ] --START--
INFO: [ template_filter ] --START--
INFO: Run Behavior\ContentReplaceBehavior [ RunTime:0.000000s ]
INFO: [ template_filter ] --END-- [ RunTime:0.000000s ]
INFO: Run Behavior\ParseTemplateBehavior [ RunTime:0.024001s ]
INFO: [ view_parse ] --END-- [ RunTime:0.024001s ]
INFO: [ view_filter ] --START--
INFO: Run Behavior\WriteHtmlCacheBehavior [ RunTime:0.000000s ]
INFO: [ view_filter ] --END-- [ RunTime:0.001000s ]
INFO: [ app_end ] --START--
INFO: Run Behavior\ShowPageTraceBehavior [ RunTime:0.001000s ]
INFO: [ app_end ] --END-- [ RunTime:0.001000s ]

[ 2019-09-24T21:51:10+08:00 ] 127.0.0.1 /index.php/Home/Member/index.html
INFO: [ app_init ] --START--
INFO: Run Behavior\BuildLiteBehavior [ RunTime:0.000000s ]
INFO: [ app_init ] --END-- [ RunTime:0.001000s ]
INFO: [ app_begin ] --START--
INFO: Run Behavior\ReadHtmlCacheBehavior [ RunTime:0.001000s ]
INFO: [ app_begin ] --END-- [ RunTime:0.001000s ]
SQL: SHOW COLUMNS FROM `dt_member` [ RunTime:0.0170s ]
SQL: SELECT * FROM `dt_member` WHERE `id` = 52773 LIMIT 1   [ RunTime:0.0000s ]
SQL: SHOW COLUMNS FROM `dt_level` [ RunTime:0.0170s ]
SQL: SELECT * FROM `dt_level` WHERE `level` = 0 LIMIT 1   [ RunTime:0.0010s ]
NOTIC: [2048] Only variables should be passed by reference D:\wwwroot\demo.52jscn.com\ThinkPHP\Library\Think\Db\Driver.class.php 第 769 行.
SQL: SELECT * FROM `dt_level` ORDER BY `id` asc  [ RunTime:0.0000s ]
SQL: SHOW COLUMNS FROM `dt_sale_list` [ RunTime:0.0130s ]
SQL: SELECT SUM(price) AS tp_sum FROM `dt_sale_list` WHERE ( member_id=52773 and TO_DAYS(from_unixtime(create_time)) = TO_DAYS(now()) ) LIMIT 1   [ RunTime:0.0000s ]
SQL: SELECT SUM(price) AS tp_sum FROM `dt_sale_list` WHERE ( member_id=52773 and DATE_FORMAT(from_unixtime(create_time),'%Y%m') = DATE_FORMAT(CURDATE(),'%Y%m') ) LIMIT 1   [ RunTime:0.0000s ]
SQL: SELECT SUM(price) AS tp_sum FROM `dt_sale_list` WHERE ( member_id=52773 ) LIMIT 1   [ RunTime:0.0010s ]
SQL: SELECT COUNT(*) AS tp_count FROM `dt_member` WHERE (  (p1=52773 or p2=52773 or p3=52773) and (TO_DAYS(from_unixtime(create_time)) = TO_DAYS(now()))  ) LIMIT 1   [ RunTime:0.0000s ]
SQL: SELECT COUNT(*) AS tp_count FROM `dt_member` WHERE (  (p1=52773 or p2=52773 or p3=52773) and (DATE_FORMAT(from_unixtime(create_time),'%Y%m') = DATE_FORMAT(CURDATE(),'%Y%m')) ) LIMIT 1   [ RunTime:0.0010s ]
SQL: SELECT COUNT(*) AS tp_count FROM `dt_member` WHERE ( p1=52773 or p2=52773 or p3=52773 ) LIMIT 1   [ RunTime:0.0000s ]
SQL: SHOW COLUMNS FROM `dt_notice` [ RunTime:0.0150s ]
SQL: SELECT COUNT(*) AS tp_count FROM `dt_notice` WHERE ( (( member_id = 52773 ) or ( (is_system = 1 and role_type = 0) or ( is_system = 1 and role_type = 1 ) ) ) and create_time > 0  ) LIMIT 1   [ RunTime:0.0000s ]
SQL: SHOW COLUMNS FROM `dt_task_apply` [ RunTime:0.0150s ]
NOTIC: [2048] Only variables should be passed by reference D:\wwwroot\demo.52jscn.com\ThinkPHP\Library\Think\Db\Driver.class.php 第 769 行.
SQL: SELECT a.*,b.title FROM dt_task_apply a left JOIN dt_task as b on a.task_id = b.id  WHERE ( a.member_id =52773 and a.create_time > 1569254400 and a.create_time < 1569340799 ) ORDER BY a.id desc  [ RunTime:0.0010s ]
INFO: [ view_parse ] --START--
INFO: [ template_filter ] --START--
INFO: Run Behavior\ContentReplaceBehavior [ RunTime:0.000000s ]
INFO: [ template_filter ] --END-- [ RunTime:0.000000s ]
INFO: Run Behavior\ParseTemplateBehavior [ RunTime:0.027002s ]
INFO: [ view_parse ] --END-- [ RunTime:0.027002s ]
INFO: [ view_filter ] --START--
INFO: Run Behavior\WriteHtmlCacheBehavior [ RunTime:0.001000s ]
INFO: [ view_filter ] --END-- [ RunTime:0.001000s ]
INFO: [ app_end ] --START--
INFO: Run Behavior\ShowPageTraceBehavior [ RunTime:0.001000s ]
INFO: [ app_end ] --END-- [ RunTime:0.001000s ]

[ 2019-09-24T21:56:59+08:00 ] 127.0.0.1 /index.php/Home/Member/index.html
INFO: [ app_init ] --START--
INFO: Run Behavior\BuildLiteBehavior [ RunTime:0.000000s ]
INFO: [ app_init ] --END-- [ RunTime:0.001000s ]
INFO: [ app_begin ] --START--
INFO: Run Behavior\ReadHtmlCacheBehavior [ RunTime:0.001000s ]
INFO: [ app_begin ] --END-- [ RunTime:0.001000s ]
SQL: SHOW COLUMNS FROM `dt_member` [ RunTime:0.0140s ]
SQL: SELECT * FROM `dt_member` WHERE `id` = 52773 LIMIT 1   [ RunTime:0.0010s ]
SQL: SHOW COLUMNS FROM `dt_level` [ RunTime:0.0150s ]
SQL: SELECT * FROM `dt_level` WHERE `level` = 0 LIMIT 1   [ RunTime:0.0000s ]
NOTIC: [2048] Only variables should be passed by reference D:\wwwroot\demo.52jscn.com\ThinkPHP\Library\Think\Db\Driver.class.php 第 769 行.
SQL: SELECT * FROM `dt_level` ORDER BY `id` asc  [ RunTime:0.0000s ]
SQL: SHOW COLUMNS FROM `dt_sale_list` [ RunTime:0.0150s ]
SQL: SELECT SUM(price) AS tp_sum FROM `dt_sale_list` WHERE ( member_id=52773 and TO_DAYS(from_unixtime(create_time)) = TO_DAYS(now()) ) LIMIT 1   [ RunTime:0.0010s ]
SQL: SELECT SUM(price) AS tp_sum FROM `dt_sale_list` WHERE ( member_id=52773 and DATE_FORMAT(from_unixtime(create_time),'%Y%m') = DATE_FORMAT(CURDATE(),'%Y%m') ) LIMIT 1   [ RunTime:0.0000s ]
SQL: SELECT SUM(price) AS tp_sum FROM `dt_sale_list` WHERE ( member_id=52773 ) LIMIT 1   [ RunTime:0.0000s ]
SQL: SELECT COUNT(*) AS tp_count FROM `dt_member` WHERE (  (p1=52773 or p2=52773 or p3=52773) and (TO_DAYS(from_unixtime(create_time)) = TO_DAYS(now()))  ) LIMIT 1   [ RunTime:0.0010s ]
SQL: SELECT COUNT(*) AS tp_count FROM `dt_member` WHERE (  (p1=52773 or p2=52773 or p3=52773) and (DATE_FORMAT(from_unixtime(create_time),'%Y%m') = DATE_FORMAT(CURDATE(),'%Y%m')) ) LIMIT 1   [ RunTime:0.0000s ]
SQL: SELECT COUNT(*) AS tp_count FROM `dt_member` WHERE ( p1=52773 or p2=52773 or p3=52773 ) LIMIT 1   [ RunTime:0.0000s ]
SQL: SHOW COLUMNS FROM `dt_notice` [ RunTime:0.0150s ]
SQL: SELECT COUNT(*) AS tp_count FROM `dt_notice` WHERE ( (( member_id = 52773 ) or ( (is_system = 1 and role_type = 0) or ( is_system = 1 and role_type = 1 ) ) ) and create_time > 0  ) LIMIT 1   [ RunTime:0.0000s ]
SQL: SHOW COLUMNS FROM `dt_task_apply` [ RunTime:0.0140s ]
NOTIC: [2048] Only variables should be passed by reference D:\wwwroot\demo.52jscn.com\ThinkPHP\Library\Think\Db\Driver.class.php 第 769 行.
SQL: SELECT a.*,b.title FROM dt_task_apply a left JOIN dt_task as b on a.task_id = b.id  WHERE ( a.member_id =52773 and a.create_time > 1569254400 and a.create_time < 1569340799 ) ORDER BY a.id desc  [ RunTime:0.0000s ]
INFO: [ view_parse ] --START--
INFO: [ template_filter ] --START--
INFO: Run Behavior\ContentReplaceBehavior [ RunTime:0.000000s ]
INFO: [ template_filter ] --END-- [ RunTime:0.001000s ]
INFO: Run Behavior\ParseTemplateBehavior [ RunTime:0.036002s ]
INFO: [ view_parse ] --END-- [ RunTime:0.036002s ]
INFO: [ view_filter ] --START--
INFO: Run Behavior\WriteHtmlCacheBehavior [ RunTime:0.001000s ]
INFO: [ view_filter ] --END-- [ RunTime:0.001000s ]
INFO: [ app_end ] --START--
INFO: Run Behavior\ShowPageTraceBehavior [ RunTime:0.002000s ]
INFO: [ app_end ] --END-- [ RunTime:0.002000s ]

[ 2019-09-24T21:57:07+08:00 ] 127.0.0.1 /index.php/Home/Member/index.html
INFO: [ app_init ] --START--
INFO: Run Behavior\BuildLiteBehavior [ RunTime:0.000000s ]
INFO: [ app_init ] --END-- [ RunTime:0.000000s ]
INFO: [ app_begin ] --START--
INFO: Run Behavior\ReadHtmlCacheBehavior [ RunTime:0.001000s ]
INFO: [ app_begin ] --END-- [ RunTime:0.001000s ]
SQL: SHOW COLUMNS FROM `dt_member` [ RunTime:0.0090s ]
SQL: SELECT * FROM `dt_member` WHERE `id` = 52773 LIMIT 1   [ RunTime:0.0010s ]
SQL: SHOW COLUMNS FROM `dt_level` [ RunTime:0.0090s ]
SQL: SELECT * FROM `dt_level` WHERE `level` = 0 LIMIT 1   [ RunTime:0.0000s ]
NOTIC: [2048] Only variables should be passed by reference D:\wwwroot\demo.52jscn.com\ThinkPHP\Library\Think\Db\Driver.class.php 第 769 行.
SQL: SELECT * FROM `dt_level` ORDER BY `id` asc  [ RunTime:0.0010s ]
SQL: SHOW COLUMNS FROM `dt_sale_list` [ RunTime:0.0090s ]
SQL: SELECT SUM(price) AS tp_sum FROM `dt_sale_list` WHERE ( member_id=52773 and TO_DAYS(from_unixtime(create_time)) = TO_DAYS(now()) ) LIMIT 1   [ RunTime:0.0000s ]
SQL: SELECT SUM(price) AS tp_sum FROM `dt_sale_list` WHERE ( member_id=52773 and DATE_FORMAT(from_unixtime(create_time),'%Y%m') = DATE_FORMAT(CURDATE(),'%Y%m') ) LIMIT 1   [ RunTime:0.0010s ]
SQL: SELECT SUM(price) AS tp_sum FROM `dt_sale_list` WHERE ( member_id=52773 ) LIMIT 1   [ RunTime:0.0010s ]
SQL: SELECT COUNT(*) AS tp_count FROM `dt_member` WHERE (  (p1=52773 or p2=52773 or p3=52773) and (TO_DAYS(from_unixtime(create_time)) = TO_DAYS(now()))  ) LIMIT 1   [ RunTime:0.0010s ]
SQL: SELECT COUNT(*) AS tp_count FROM `dt_member` WHERE (  (p1=52773 or p2=52773 or p3=52773) and (DATE_FORMAT(from_unixtime(create_time),'%Y%m') = DATE_FORMAT(CURDATE(),'%Y%m')) ) LIMIT 1   [ RunTime:0.0010s ]
SQL: SELECT COUNT(*) AS tp_count FROM `dt_member` WHERE ( p1=52773 or p2=52773 or p3=52773 ) LIMIT 1   [ RunTime:0.0000s ]
SQL: SHOW COLUMNS FROM `dt_notice` [ RunTime:0.0160s ]
SQL: SELECT COUNT(*) AS tp_count FROM `dt_notice` WHERE ( (( member_id = 52773 ) or ( (is_system = 1 and role_type = 0) or ( is_system = 1 and role_type = 1 ) ) ) and create_time > 0  ) LIMIT 1   [ RunTime:0.0010s ]
SQL: SHOW COLUMNS FROM `dt_task_apply` [ RunTime:0.0150s ]
NOTIC: [2048] Only variables should be passed by reference D:\wwwroot\demo.52jscn.com\ThinkPHP\Library\Think\Db\Driver.class.php 第 769 行.
SQL: SELECT a.*,b.title FROM dt_task_apply a left JOIN dt_task as b on a.task_id = b.id  WHERE ( a.member_id =52773 and a.create_time > 1569254400 and a.create_time < 1569340799 ) ORDER BY a.id desc  [ RunTime:0.0000s ]
INFO: [ view_parse ] --START--
INFO: [ template_filter ] --START--
INFO: Run Behavior\ContentReplaceBehavior [ RunTime:0.001001s ]
INFO: [ template_filter ] --END-- [ RunTime:0.001001s ]
INFO: Run Behavior\ParseTemplateBehavior [ RunTime:0.028002s ]
INFO: [ view_parse ] --END-- [ RunTime:0.028002s ]
INFO: [ view_filter ] --START--
INFO: Run Behavior\WriteHtmlCacheBehavior [ RunTime:0.001000s ]
INFO: [ view_filter ] --END-- [ RunTime:0.001000s ]
INFO: [ app_end ] --START--
INFO: Run Behavior\ShowPageTraceBehavior [ RunTime:0.001000s ]
INFO: [ app_end ] --END-- [ RunTime:0.001000s ]

[ 2019-09-24T21:57:10+08:00 ] 127.0.0.1 /index.php/Home/Member/vip.html
INFO: [ app_init ] --START--
INFO: Run Behavior\BuildLiteBehavior [ RunTime:0.000000s ]
INFO: [ app_init ] --END-- [ RunTime:0.000000s ]
INFO: [ app_begin ] --START--
INFO: Run Behavior\ReadHtmlCacheBehavior [ RunTime:0.001000s ]
INFO: [ app_begin ] --END-- [ RunTime:0.001000s ]
SQL: SHOW COLUMNS FROM `dt_member` [ RunTime:0.0170s ]
SQL: SELECT * FROM `dt_member` WHERE `id` = 52773 LIMIT 1   [ RunTime:0.0010s ]
SQL: SHOW COLUMNS FROM `dt_level` [ RunTime:0.0120s ]
NOTIC: [2048] Only variables should be passed by reference D:\wwwroot\demo.52jscn.com\ThinkPHP\Library\Think\Db\Driver.class.php 第 769 行.
SQL: SELECT * FROM `dt_level` ORDER BY `id` asc  [ RunTime:0.0010s ]
NOTIC: [2048] Only variables should be passed by reference D:\wwwroot\demo.52jscn.com\ThinkPHP\Library\Think\Db\Driver.class.php 第 769 行.
SQL: SELECT * FROM `dt_level` ORDER BY `id` asc  [ RunTime:0.0010s ]
INFO: [ view_parse ] --START--
INFO: [ template_filter ] --START--
INFO: Run Behavior\ContentReplaceBehavior [ RunTime:0.000000s ]
INFO: [ template_filter ] --END-- [ RunTime:0.000000s ]
INFO: Run Behavior\ParseTemplateBehavior [ RunTime:0.025001s ]
INFO: [ view_parse ] --END-- [ RunTime:0.025001s ]
INFO: [ view_filter ] --START--
INFO: Run Behavior\WriteHtmlCacheBehavior [ RunTime:0.001000s ]
INFO: [ view_filter ] --END-- [ RunTime:0.001000s ]
INFO: [ app_end ] --START--
INFO: Run Behavior\ShowPageTraceBehavior [ RunTime:0.002000s ]
INFO: [ app_end ] --END-- [ RunTime:0.002000s ]

[ 2019-09-24T21:57:11+08:00 ] 127.0.0.1 /index.php/Home/Task/submission_task.html
INFO: [ app_init ] --START--
INFO: Run Behavior\BuildLiteBehavior [ RunTime:0.000000s ]
INFO: [ app_init ] --END-- [ RunTime:0.001000s ]
INFO: [ app_begin ] --START--
INFO: Run Behavior\ReadHtmlCacheBehavior [ RunTime:0.002000s ]
INFO: [ app_begin ] --END-- [ RunTime:0.002000s ]
NOTIC: [2048] Declaration of Home\Controller\TaskController::show() should be compatible with Think\Controller::show($content, $charset = '', $contentType = '', $prefix = '') D:\wwwroot\demo.52jscn.com\Application\Home\Controller\TaskController.class.php 第 6 行.
SQL: SHOW COLUMNS FROM `dt_task_apply` [ RunTime:0.0090s ]
SQL: SELECT COUNT(*) AS tp_count FROM dt_task_apply a WHERE a.member_id = '52773' AND a.status = 0 LIMIT 1   [ RunTime:0.0000s ]
NOTIC: [2048] Only variables should be passed by reference D:\wwwroot\demo.52jscn.com\ThinkPHP\Library\Think\Db\Driver.class.php 第 769 行.
SQL: SELECT a.*,b.title,b.task_require,b.video_url,b.tasklb,b.level,b.price,b.max_num,b.apply_num,b.max_num-b.apply_num as leftnum,b.level FROM dt_task_apply a left JOIN dt_task as b on a.task_id = b.id  WHERE a.member_id = '52773' AND a.status = 0 ORDER BY a.id desc LIMIT 0,10   [ RunTime:0.0010s ]
SQL: SHOW COLUMNS FROM `dt_level` [ RunTime:0.0100s ]
NOTIC: [2048] Only variables should be passed by reference D:\wwwroot\demo.52jscn.com\ThinkPHP\Library\Think\Db\Driver.class.php 第 769 行.
SQL: SELECT * FROM `dt_level` ORDER BY `id` asc  [ RunTime:0.0000s ]
INFO: [ view_parse ] --START--
INFO: [ template_filter ] --START--
INFO: Run Behavior\ContentReplaceBehavior [ RunTime:0.000000s ]
INFO: [ template_filter ] --END-- [ RunTime:0.000000s ]
INFO: Run Behavior\ParseTemplateBehavior [ RunTime:0.021001s ]
INFO: [ view_parse ] --END-- [ RunTime:0.021001s ]
INFO: [ view_filter ] --START--
INFO: Run Behavior\WriteHtmlCacheBehavior [ RunTime:0.001000s ]
INFO: [ view_filter ] --END-- [ RunTime:0.001000s ]
INFO: [ app_end ] --START--
INFO: Run Behavior\ShowPageTraceBehavior [ RunTime:0.002000s ]
INFO: [ app_end ] --END-- [ RunTime:0.002000s ]

[ 2019-09-24T21:57:13+08:00 ] 127.0.0.1 /index.php/Home/Index/index.html
INFO: [ app_init ] --START--
INFO: Run Behavior\BuildLiteBehavior [ RunTime:0.000000s ]
INFO: [ app_init ] --END-- [ RunTime:0.001000s ]
INFO: [ app_begin ] --START--
INFO: Run Behavior\ReadHtmlCacheBehavior [ RunTime:0.002000s ]
INFO: [ app_begin ] --END-- [ RunTime:0.002000s ]
SQL: SHOW COLUMNS FROM `dt_task` [ RunTime:0.0160s ]
NOTIC: [2048] Only variables should be passed by reference D:\wwwroot\demo.52jscn.com\ThinkPHP\Library\Think\Db\Driver.class.php 第 769 行.
SQL: SELECT `id`,`title`,`level`,`price`,`create_time`,`max_num`,`apply_num`,max_num-apply_num as leftnum,`tasklb`,`task_require`,`video_url`,`end_time` FROM `dt_task` WHERE `status` = 1 ORDER BY `id` desc LIMIT 800   [ RunTime:0.0030s ]
SQL: SHOW COLUMNS FROM `dt_level` [ RunTime:0.0140s ]
NOTIC: [2048] Only variables should be passed by reference D:\wwwroot\demo.52jscn.com\ThinkPHP\Library\Think\Db\Driver.class.php 第 769 行.
SQL: SELECT * FROM `dt_level` ORDER BY `id` asc  [ RunTime:0.0000s ]
SQL: SHOW COLUMNS FROM `dt_page` [ RunTime:0.0110s ]
NOTIC: [2048] Only variables should be passed by reference D:\wwwroot\demo.52jscn.com\ThinkPHP\Library\Think\Db\Driver.class.php 第 769 行.
SQL: SELECT `id`,`title`,`update_time` FROM `dt_page` WHERE `recommend` = 1 ORDER BY `update_time` asc LIMIT 3   [ RunTime:0.0000s ]
INFO: [ view_parse ] --START--
INFO: [ template_filter ] --START--
INFO: Run Behavior\ContentReplaceBehavior [ RunTime:0.000000s ]
INFO: [ template_filter ] --END-- [ RunTime:0.000000s ]
NOTIC: [8] Undefined variable: version D:\wwwroot\demo.52jscn.com\Runtime\Cache\Home\d678f280cf84122e981f201997603ea5.php 第 12 行.
INFO: Run Behavior\ParseTemplateBehavior [ RunTime:0.031001s ]
INFO: [ view_parse ] --END-- [ RunTime:0.031001s ]
INFO: [ view_filter ] --START--
INFO: Run Behavior\WriteHtmlCacheBehavior [ RunTime:0.001000s ]
INFO: [ view_filter ] --END-- [ RunTime:0.001000s ]
INFO: [ app_end ] --START--
INFO: Run Behavior\ShowPageTraceBehavior [ RunTime:0.002001s ]
INFO: [ app_end ] --END-- [ RunTime:0.002001s ]

[ 2019-09-24T21:57:20+08:00 ] 127.0.0.1 /index.php/Home/Task/get_task.html
INFO: [ app_init ] --START--
INFO: Run Behavior\BuildLiteBehavior [ RunTime:0.000000s ]
INFO: [ app_init ] --END-- [ RunTime:0.000000s ]
INFO: [ app_begin ] --START--
INFO: Run Behavior\ReadHtmlCacheBehavior [ RunTime:0.001000s ]
INFO: [ app_begin ] --END-- [ RunTime:0.001000s ]
NOTIC: [2048] Declaration of Home\Controller\TaskController::show() should be compatible with Think\Controller::show($content, $charset = '', $contentType = '', $prefix = '') D:\wwwroot\demo.52jscn.com\Application\Home\Controller\TaskController.class.php 第 6 行.
SQL: SHOW COLUMNS FROM `dt_member` [ RunTime:0.0170s ]
SQL: SELECT `level` FROM `dt_member` WHERE `id` = 52773 LIMIT 1   [ RunTime:0.0010s ]
SQL: SHOW COLUMNS FROM `dt_task` [ RunTime:0.0110s ]
SQL: SELECT `level`,`price`,`max_num`,`apply_num`,`end_time` FROM `dt_task` WHERE `id` = 327 LIMIT 1   [ RunTime:0.0000s ]

[ 2019-09-24T21:57:23+08:00 ] 127.0.0.1 /index.php/Home/Member/index.html
INFO: [ app_init ] --START--
INFO: Run Behavior\BuildLiteBehavior [ RunTime:0.000000s ]
INFO: [ app_init ] --END-- [ RunTime:0.001000s ]
INFO: [ app_begin ] --START--
INFO: Run Behavior\ReadHtmlCacheBehavior [ RunTime:0.000000s ]
INFO: [ app_begin ] --END-- [ RunTime:0.001000s ]
SQL: SHOW COLUMNS FROM `dt_member` [ RunTime:0.0190s ]
SQL: SELECT * FROM `dt_member` WHERE `id` = 52773 LIMIT 1   [ RunTime:0.0010s ]
SQL: SHOW COLUMNS FROM `dt_level` [ RunTime:0.0100s ]
SQL: SELECT * FROM `dt_level` WHERE `level` = 0 LIMIT 1   [ RunTime:0.0000s ]
NOTIC: [2048] Only variables should be passed by reference D:\wwwroot\demo.52jscn.com\ThinkPHP\Library\Think\Db\Driver.class.php 第 769 行.
SQL: SELECT * FROM `dt_level` ORDER BY `id` asc  [ RunTime:0.0010s ]
SQL: SHOW COLUMNS FROM `dt_sale_list` [ RunTime:0.0100s ]
SQL: SELECT SUM(price) AS tp_sum FROM `dt_sale_list` WHERE ( member_id=52773 and TO_DAYS(from_unixtime(create_time)) = TO_DAYS(now()) ) LIMIT 1   [ RunTime:0.0000s ]
SQL: SELECT SUM(price) AS tp_sum FROM `dt_sale_list` WHERE ( member_id=52773 and DATE_FORMAT(from_unixtime(create_time),'%Y%m') = DATE_FORMAT(CURDATE(),'%Y%m') ) LIMIT 1   [ RunTime:0.0010s ]
SQL: SELECT SUM(price) AS tp_sum FROM `dt_sale_list` WHERE ( member_id=52773 ) LIMIT 1   [ RunTime:0.0000s ]
SQL: SELECT COUNT(*) AS tp_count FROM `dt_member` WHERE (  (p1=52773 or p2=52773 or p3=52773) and (TO_DAYS(from_unixtime(create_time)) = TO_DAYS(now()))  ) LIMIT 1   [ RunTime:0.0000s ]
SQL: SELECT COUNT(*) AS tp_count FROM `dt_member` WHERE (  (p1=52773 or p2=52773 or p3=52773) and (DATE_FORMAT(from_unixtime(create_time),'%Y%m') = DATE_FORMAT(CURDATE(),'%Y%m')) ) LIMIT 1   [ RunTime:0.0010s ]
SQL: SELECT COUNT(*) AS tp_count FROM `dt_member` WHERE ( p1=52773 or p2=52773 or p3=52773 ) LIMIT 1   [ RunTime:0.0000s ]
SQL: SHOW COLUMNS FROM `dt_notice` [ RunTime:0.0100s ]
SQL: SELECT COUNT(*) AS tp_count FROM `dt_notice` WHERE ( (( member_id = 52773 ) or ( (is_system = 1 and role_type = 0) or ( is_system = 1 and role_type = 1 ) ) ) and create_time > 0  ) LIMIT 1   [ RunTime:0.0000s ]
SQL: SHOW COLUMNS FROM `dt_task_apply` [ RunTime:0.0090s ]
NOTIC: [2048] Only variables should be passed by reference D:\wwwroot\demo.52jscn.com\ThinkPHP\Library\Think\Db\Driver.class.php 第 769 行.
SQL: SELECT a.*,b.title FROM dt_task_apply a left JOIN dt_task as b on a.task_id = b.id  WHERE ( a.member_id =52773 and a.create_time > 1569254400 and a.create_time < 1569340799 ) ORDER BY a.id desc  [ RunTime:0.0000s ]
INFO: [ view_parse ] --START--
INFO: [ template_filter ] --START--
INFO: Run Behavior\ContentReplaceBehavior [ RunTime:0.001000s ]
INFO: [ template_filter ] --END-- [ RunTime:0.001000s ]
INFO: Run Behavior\ParseTemplateBehavior [ RunTime:0.023001s ]
INFO: [ view_parse ] --END-- [ RunTime:0.023001s ]
INFO: [ view_filter ] --START--
INFO: Run Behavior\WriteHtmlCacheBehavior [ RunTime:0.001000s ]
INFO: [ view_filter ] --END-- [ RunTime:0.001000s ]
INFO: [ app_end ] --START--
INFO: Run Behavior\ShowPageTraceBehavior [ RunTime:0.001001s ]
INFO: [ app_end ] --END-- [ RunTime:0.001001s ]

[ 2019-09-24T21:57:24+08:00 ] 127.0.0.1 /index.php/Home/Member/vip.html
INFO: [ app_init ] --START--
INFO: Run Behavior\BuildLiteBehavior [ RunTime:0.000000s ]
INFO: [ app_init ] --END-- [ RunTime:0.000000s ]
INFO: [ app_begin ] --START--
INFO: Run Behavior\ReadHtmlCacheBehavior [ RunTime:0.000000s ]
INFO: [ app_begin ] --END-- [ RunTime:0.000000s ]
SQL: SHOW COLUMNS FROM `dt_member` [ RunTime:0.0200s ]
SQL: SELECT * FROM `dt_member` WHERE `id` = 52773 LIMIT 1   [ RunTime:0.0000s ]
SQL: SHOW COLUMNS FROM `dt_level` [ RunTime:0.0110s ]
NOTIC: [2048] Only variables should be passed by reference D:\wwwroot\demo.52jscn.com\ThinkPHP\Library\Think\Db\Driver.class.php 第 769 行.
SQL: SELECT * FROM `dt_level` ORDER BY `id` asc  [ RunTime:0.0010s ]
NOTIC: [2048] Only variables should be passed by reference D:\wwwroot\demo.52jscn.com\ThinkPHP\Library\Think\Db\Driver.class.php 第 769 行.
SQL: SELECT * FROM `dt_level` ORDER BY `id` asc  [ RunTime:0.0010s ]
INFO: [ view_parse ] --START--
INFO: [ template_filter ] --START--
INFO: Run Behavior\ContentReplaceBehavior [ RunTime:0.000000s ]
INFO: [ template_filter ] --END-- [ RunTime:0.000000s ]
INFO: Run Behavior\ParseTemplateBehavior [ RunTime:0.022001s ]
INFO: [ view_parse ] --END-- [ RunTime:0.022001s ]
INFO: [ view_filter ] --START--
INFO: Run Behavior\WriteHtmlCacheBehavior [ RunTime:0.001000s ]
INFO: [ view_filter ] --END-- [ RunTime:0.001000s ]
INFO: [ app_end ] --START--
INFO: Run Behavior\ShowPageTraceBehavior [ RunTime:0.001000s ]
INFO: [ app_end ] --END-- [ RunTime:0.001000s ]

[ 2019-09-24T21:57:26+08:00 ] 127.0.0.1 /index.php/Home/Member/index.html
INFO: [ app_init ] --START--
INFO: Run Behavior\BuildLiteBehavior [ RunTime:0.000000s ]
INFO: [ app_init ] --END-- [ RunTime:0.001000s ]
INFO: [ app_begin ] --START--
INFO: Run Behavior\ReadHtmlCacheBehavior [ RunTime:0.000000s ]
INFO: [ app_begin ] --END-- [ RunTime:0.000000s ]
SQL: SHOW COLUMNS FROM `dt_member` [ RunTime:0.0170s ]
SQL: SELECT * FROM `dt_member` WHERE `id` = 52773 LIMIT 1   [ RunTime:0.0000s ]
SQL: SHOW COLUMNS FROM `dt_level` [ RunTime:0.0140s ]
SQL: SELECT * FROM `dt_level` WHERE `level` = 0 LIMIT 1   [ RunTime:0.0010s ]
NOTIC: [2048] Only variables should be passed by reference D:\wwwroot\demo.52jscn.com\ThinkPHP\Library\Think\Db\Driver.class.php 第 769 行.
SQL: SELECT * FROM `dt_level` ORDER BY `id` asc  [ RunTime:0.0000s ]
SQL: SHOW COLUMNS FROM `dt_sale_list` [ RunTime:0.0110s ]
SQL: SELECT SUM(price) AS tp_sum FROM `dt_sale_list` WHERE ( member_id=52773 and TO_DAYS(from_unixtime(create_time)) = TO_DAYS(now()) ) LIMIT 1   [ RunTime:0.0010s ]
SQL: SELECT SUM(price) AS tp_sum FROM `dt_sale_list` WHERE ( member_id=52773 and DATE_FORMAT(from_unixtime(create_time),'%Y%m') = DATE_FORMAT(CURDATE(),'%Y%m') ) LIMIT 1   [ RunTime:0.0000s ]
SQL: SELECT SUM(price) AS tp_sum FROM `dt_sale_list` WHERE ( member_id=52773 ) LIMIT 1   [ RunTime:0.0000s ]
SQL: SELECT COUNT(*) AS tp_count FROM `dt_member` WHERE (  (p1=52773 or p2=52773 or p3=52773) and (TO_DAYS(from_unixtime(create_time)) = TO_DAYS(now()))  ) LIMIT 1   [ RunTime:0.0000s ]
SQL: SELECT COUNT(*) AS tp_count FROM `dt_member` WHERE (  (p1=52773 or p2=52773 or p3=52773) and (DATE_FORMAT(from_unixtime(create_time),'%Y%m') = DATE_FORMAT(CURDATE(),'%Y%m')) ) LIMIT 1   [ RunTime:0.0000s ]
SQL: SELECT COUNT(*) AS tp_count FROM `dt_member` WHERE ( p1=52773 or p2=52773 or p3=52773 ) LIMIT 1   [ RunTime:0.0010s ]
SQL: SHOW COLUMNS FROM `dt_notice` [ RunTime:0.0090s ]
SQL: SELECT COUNT(*) AS tp_count FROM `dt_notice` WHERE ( (( member_id = 52773 ) or ( (is_system = 1 and role_type = 0) or ( is_system = 1 and role_type = 1 ) ) ) and create_time > 0  ) LIMIT 1   [ RunTime:0.0000s ]
SQL: SHOW COLUMNS FROM `dt_task_apply` [ RunTime:0.0090s ]
NOTIC: [2048] Only variables should be passed by reference D:\wwwroot\demo.52jscn.com\ThinkPHP\Library\Think\Db\Driver.class.php 第 769 行.
SQL: SELECT a.*,b.title FROM dt_task_apply a left JOIN dt_task as b on a.task_id = b.id  WHERE ( a.member_id =52773 and a.create_time > 1569254400 and a.create_time < 1569340799 ) ORDER BY a.id desc  [ RunTime:0.0000s ]
INFO: [ view_parse ] --START--
INFO: [ template_filter ] --START--
INFO: Run Behavior\ContentReplaceBehavior [ RunTime:0.000000s ]
INFO: [ template_filter ] --END-- [ RunTime:0.000000s ]
INFO: Run Behavior\ParseTemplateBehavior [ RunTime:0.017001s ]
INFO: [ view_parse ] --END-- [ RunTime:0.017001s ]
INFO: [ view_filter ] --START--
INFO: Run Behavior\WriteHtmlCacheBehavior [ RunTime:0.002000s ]
INFO: [ view_filter ] --END-- [ RunTime:0.002000s ]
INFO: [ app_end ] --START--
INFO: Run Behavior\ShowPageTraceBehavior [ RunTime:0.002000s ]
INFO: [ app_end ] --END-- [ RunTime:0.002000s ]

[ 2019-09-24T21:57:27+08:00 ] 127.0.0.1 /index.php/Home/Member/info.html
INFO: [ app_init ] --START--
INFO: Run Behavior\BuildLiteBehavior [ RunTime:0.000000s ]
INFO: [ app_init ] --END-- [ RunTime:0.001000s ]
INFO: [ app_begin ] --START--
INFO: Run Behavior\ReadHtmlCacheBehavior [ RunTime:0.001000s ]
INFO: [ app_begin ] --END-- [ RunTime:0.001000s ]
INFO: [ view_parse ] --START--
INFO: [ template_filter ] --START--
INFO: Run Behavior\ContentReplaceBehavior [ RunTime:0.000000s ]
INFO: [ template_filter ] --END-- [ RunTime:0.001000s ]
INFO: Run Behavior\ParseTemplateBehavior [ RunTime:0.012000s ]
INFO: [ view_parse ] --END-- [ RunTime:0.013000s ]
INFO: [ view_filter ] --START--
INFO: Run Behavior\WriteHtmlCacheBehavior [ RunTime:0.000000s ]
INFO: [ view_filter ] --END-- [ RunTime:0.000000s ]
INFO: [ app_end ] --START--
INFO: Run Behavior\ShowPageTraceBehavior [ RunTime:0.001000s ]
INFO: [ app_end ] --END-- [ RunTime:0.001000s ]

[ 2019-09-24T21:57:29+08:00 ] 127.0.0.1 /index.php/Home/Public/logout.html
INFO: [ app_init ] --START--
INFO: Run Behavior\BuildLiteBehavior [ RunTime:0.000000s ]
INFO: [ app_init ] --END-- [ RunTime:0.000000s ]
INFO: [ app_begin ] --START--
INFO: Run Behavior\ReadHtmlCacheBehavior [ RunTime:0.001001s ]
INFO: [ app_begin ] --END-- [ RunTime:0.001001s ]

[ 2019-09-24T21:57:29+08:00 ] 127.0.0.1 /index.php/Home/Index/index.html
INFO: [ app_init ] --START--
INFO: Run Behavior\BuildLiteBehavior [ RunTime:0.000000s ]
INFO: [ app_init ] --END-- [ RunTime:0.000000s ]
INFO: [ app_begin ] --START--
INFO: Run Behavior\ReadHtmlCacheBehavior [ RunTime:0.001001s ]
INFO: [ app_begin ] --END-- [ RunTime:0.001001s ]

[ 2019-09-24T21:57:29+08:00 ] 127.0.0.1 /index.php/Home/Public/login.html
INFO: [ app_init ] --START--
INFO: Run Behavior\BuildLiteBehavior [ RunTime:0.000000s ]
INFO: [ app_init ] --END-- [ RunTime:0.001000s ]
INFO: [ app_begin ] --START--
INFO: Run Behavior\ReadHtmlCacheBehavior [ RunTime:0.000000s ]
INFO: [ app_begin ] --END-- [ RunTime:0.000000s ]
INFO: [ view_parse ] --START--
INFO: [ template_filter ] --START--
INFO: Run Behavior\ContentReplaceBehavior [ RunTime:0.001000s ]
INFO: [ template_filter ] --END-- [ RunTime:0.001000s ]
INFO: Run Behavior\ParseTemplateBehavior [ RunTime:0.010000s ]
INFO: [ view_parse ] --END-- [ RunTime:0.010000s ]
INFO: [ view_filter ] --START--
INFO: Run Behavior\WriteHtmlCacheBehavior [ RunTime:0.001000s ]
INFO: [ view_filter ] --END-- [ RunTime:0.001000s ]
INFO: [ app_end ] --START--
INFO: Run Behavior\ShowPageTraceBehavior [ RunTime:0.001000s ]
INFO: [ app_end ] --END-- [ RunTime:0.001000s ]

[ 2019-09-24T21:57:31+08:00 ] 127.0.0.1 /index.php/Home/Public/reg.html
INFO: [ app_init ] --START--
INFO: Run Behavior\BuildLiteBehavior [ RunTime:0.000000s ]
INFO: [ app_init ] --END-- [ RunTime:0.001000s ]
INFO: [ app_begin ] --START--
INFO: Run Behavior\ReadHtmlCacheBehavior [ RunTime:0.001000s ]
INFO: [ app_begin ] --END-- [ RunTime:0.001000s ]
INFO: [ view_parse ] --START--
INFO: [ template_filter ] --START--
INFO: Run Behavior\ContentReplaceBehavior [ RunTime:0.000000s ]
INFO: [ template_filter ] --END-- [ RunTime:0.000000s ]
INFO: Run Behavior\ParseTemplateBehavior [ RunTime:0.011001s ]
INFO: [ view_parse ] --END-- [ RunTime:0.011001s ]
INFO: [ view_filter ] --START--
INFO: Run Behavior\WriteHtmlCacheBehavior [ RunTime:0.001000s ]
INFO: [ view_filter ] --END-- [ RunTime:0.001000s ]
INFO: [ app_end ] --START--
INFO: Run Behavior\ShowPageTraceBehavior [ RunTime:0.001000s ]
INFO: [ app_end ] --END-- [ RunTime:0.001000s ]

[ 2019-09-24T21:57:55+08:00 ] 127.0.0.1 /index.php/Home/Public/reg.html
INFO: [ app_init ] --START--
INFO: Run Behavior\BuildLiteBehavior [ RunTime:0.000000s ]
INFO: [ app_init ] --END-- [ RunTime:0.000000s ]
INFO: [ app_begin ] --START--
INFO: Run Behavior\ReadHtmlCacheBehavior [ RunTime:0.000000s ]
INFO: [ app_begin ] --END-- [ RunTime:0.001000s ]
SQL: SHOW COLUMNS FROM `dt_member` [ RunTime:0.0110s ]
NOTIC: [8] Undefined index: code D:\wwwroot\demo.52jscn.com\Application\Home\Controller\PublicController.class.php 第 191 行.
SQL: SELECT * FROM `dt_member` WHERE `username` = '15588000001' LIMIT 1   [ RunTime:0.0010s ]
SQL: INSERT INTO `dt_member` (`username`,`nickname`,`password`,`p1`,`create_time`,`last_login_time`) VALUES ('15588000001','15588000001','658a1821e3c0d23f314274967a5d78dd','0','1569333475','1569333475') [ RunTime:0.0000s ]
SQL: SELECT * FROM `dt_member` WHERE `id` = 52774 LIMIT 1   [ RunTime:0.0000s ]

[ 2019-09-24T21:57:57+08:00 ] 127.0.0.1 /index.php/Home/task/appxiazai.html
INFO: [ app_init ] --START--
INFO: Run Behavior\BuildLiteBehavior [ RunTime:0.000000s ]
INFO: [ app_init ] --END-- [ RunTime:0.002000s ]
INFO: [ app_begin ] --START--
INFO: Run Behavior\ReadHtmlCacheBehavior [ RunTime:0.001000s ]
INFO: [ app_begin ] --END-- [ RunTime:0.002001s ]
NOTIC: [2048] Declaration of Home\Controller\TaskController::show() should be compatible with Think\Controller::show($content, $charset = '', $contentType = '', $prefix = '') D:\wwwroot\demo.52jscn.com\Application\Home\Controller\TaskController.class.php 第 6 行.
INFO: [ view_parse ] --START--
INFO: [ template_filter ] --START--
INFO: Run Behavior\ContentReplaceBehavior [ RunTime:0.000000s ]
INFO: [ template_filter ] --END-- [ RunTime:0.000000s ]
INFO: Run Behavior\ParseTemplateBehavior [ RunTime:0.011001s ]
INFO: [ view_parse ] --END-- [ RunTime:0.011001s ]
INFO: [ view_filter ] --START--
INFO: Run Behavior\WriteHtmlCacheBehavior [ RunTime:0.001000s ]
INFO: [ view_filter ] --END-- [ RunTime:0.001000s ]
INFO: [ app_end ] --START--
INFO: Run Behavior\ShowPageTraceBehavior [ RunTime:0.002000s ]
INFO: [ app_end ] --END-- [ RunTime:0.002000s ]

[ 2019-09-24T21:58:00+08:00 ] 127.0.0.1 /index.php/Home/Public/reg.html
INFO: [ app_init ] --START--
INFO: Run Behavior\BuildLiteBehavior [ RunTime:0.000000s ]
INFO: [ app_init ] --END-- [ RunTime:0.001000s ]
INFO: [ app_begin ] --START--
INFO: Run Behavior\ReadHtmlCacheBehavior [ RunTime:0.001000s ]
INFO: [ app_begin ] --END-- [ RunTime:0.001000s ]

[ 2019-09-24T21:58:00+08:00 ] 127.0.0.1 /index.php/Home/index/index.html
INFO: [ app_init ] --START--
INFO: Run Behavior\BuildLiteBehavior [ RunTime:0.000000s ]
INFO: [ app_init ] --END-- [ RunTime:0.001000s ]
INFO: [ app_begin ] --START--
INFO: Run Behavior\ReadHtmlCacheBehavior [ RunTime:0.001000s ]
INFO: [ app_begin ] --END-- [ RunTime:0.001000s ]
SQL: SHOW COLUMNS FROM `dt_task` [ RunTime:0.0180s ]
NOTIC: [2048] Only variables should be passed by reference D:\wwwroot\demo.52jscn.com\ThinkPHP\Library\Think\Db\Driver.class.php 第 769 行.
SQL: SELECT `id`,`title`,`level`,`price`,`create_time`,`max_num`,`apply_num`,max_num-apply_num as leftnum,`tasklb`,`task_require`,`video_url`,`end_time` FROM `dt_task` WHERE `status` = 1 ORDER BY `id` desc LIMIT 800   [ RunTime:0.0010s ]
SQL: SHOW COLUMNS FROM `dt_level` [ RunTime:0.0190s ]
NOTIC: [2048] Only variables should be passed by reference D:\wwwroot\demo.52jscn.com\ThinkPHP\Library\Think\Db\Driver.class.php 第 769 行.
SQL: SELECT * FROM `dt_level` ORDER BY `id` asc  [ RunTime:0.0000s ]
SQL: SHOW COLUMNS FROM `dt_page` [ RunTime:0.0170s ]
NOTIC: [2048] Only variables should be passed by reference D:\wwwroot\demo.52jscn.com\ThinkPHP\Library\Think\Db\Driver.class.php 第 769 行.
SQL: SELECT `id`,`title`,`update_time` FROM `dt_page` WHERE `recommend` = 1 ORDER BY `update_time` asc LIMIT 3   [ RunTime:0.0000s ]
INFO: [ view_parse ] --START--
INFO: [ template_filter ] --START--
INFO: Run Behavior\ContentReplaceBehavior [ RunTime:0.000000s ]
INFO: [ template_filter ] --END-- [ RunTime:0.000000s ]
NOTIC: [8] Undefined variable: version D:\wwwroot\demo.52jscn.com\Runtime\Cache\Home\d678f280cf84122e981f201997603ea5.php 第 12 行.
INFO: Run Behavior\ParseTemplateBehavior [ RunTime:0.029002s ]
INFO: [ view_parse ] --END-- [ RunTime:0.029002s ]
INFO: [ view_filter ] --START--
INFO: Run Behavior\WriteHtmlCacheBehavior [ RunTime:0.001000s ]
INFO: [ view_filter ] --END-- [ RunTime:0.001000s ]
INFO: [ app_end ] --START--
INFO: Run Behavior\ShowPageTraceBehavior [ RunTime:0.002000s ]
INFO: [ app_end ] --END-- [ RunTime:0.002000s ]

[ 2019-09-24T22:02:23+08:00 ] 127.0.0.1 /index.php/Home/Public/login.html
INFO: [ app_init ] --START--
INFO: Run Behavior\BuildLiteBehavior [ RunTime:0.000000s ]
INFO: [ app_init ] --END-- [ RunTime:0.001000s ]
INFO: [ app_begin ] --START--
INFO: Run Behavior\ReadHtmlCacheBehavior [ RunTime:0.001000s ]
INFO: [ app_begin ] --END-- [ RunTime:0.001000s ]
SQL: SHOW COLUMNS FROM `dt_member` [ RunTime:0.0150s ]
SQL: SELECT * FROM `dt_member` WHERE `username` = '15588000001' AND `password` = '658a1821e3c0d23f314274967a5d78dd' LIMIT 1   [ RunTime:0.0010s ]
SQL: SELECT `last_login_time` FROM `dt_member` WHERE `id` = 52774 LIMIT 1569333743   [ RunTime:0.0000s ]

[ 2019-09-24T22:02:25+08:00 ] 127.0.0.1 /index.php/Home/Index/index.html
INFO: [ app_init ] --START--
INFO: Run Behavior\BuildLiteBehavior [ RunTime:0.000000s ]
INFO: [ app_init ] --END-- [ RunTime:0.000000s ]
INFO: [ app_begin ] --START--
INFO: Run Behavior\ReadHtmlCacheBehavior [ RunTime:0.000000s ]
INFO: [ app_begin ] --END-- [ RunTime:0.000000s ]
SQL: SHOW COLUMNS FROM `dt_task` [ RunTime:0.0150s ]
NOTIC: [2048] Only variables should be passed by reference D:\wwwroot\demo.52jscn.com\ThinkPHP\Library\Think\Db\Driver.class.php 第 769 行.
SQL: SELECT `id`,`title`,`level`,`price`,`create_time`,`max_num`,`apply_num`,max_num-apply_num as leftnum,`tasklb`,`task_require`,`video_url`,`end_time` FROM `dt_task` WHERE `status` = 1 ORDER BY `id` desc LIMIT 800   [ RunTime:0.0000s ]
SQL: SHOW COLUMNS FROM `dt_level` [ RunTime:0.0210s ]
NOTIC: [2048] Only variables should be passed by reference D:\wwwroot\demo.52jscn.com\ThinkPHP\Library\Think\Db\Driver.class.php 第 769 行.
SQL: SELECT * FROM `dt_level` ORDER BY `id` asc  [ RunTime:0.0000s ]
SQL: SHOW COLUMNS FROM `dt_page` [ RunTime:0.0150s ]
NOTIC: [2048] Only variables should be passed by reference D:\wwwroot\demo.52jscn.com\ThinkPHP\Library\Think\Db\Driver.class.php 第 769 行.
SQL: SELECT `id`,`title`,`update_time` FROM `dt_page` WHERE `recommend` = 1 ORDER BY `update_time` asc LIMIT 3   [ RunTime:0.0000s ]
INFO: [ view_parse ] --START--
INFO: [ template_filter ] --START--
INFO: Run Behavior\ContentReplaceBehavior [ RunTime:0.000000s ]
INFO: [ template_filter ] --END-- [ RunTime:0.000000s ]
NOTIC: [8] Undefined variable: version D:\wwwroot\demo.52jscn.com\Runtime\Cache\Home\d678f280cf84122e981f201997603ea5.php 第 12 行.
INFO: Run Behavior\ParseTemplateBehavior [ RunTime:0.032002s ]
INFO: [ view_parse ] --END-- [ RunTime:0.032002s ]
INFO: [ view_filter ] --START--
INFO: Run Behavior\WriteHtmlCacheBehavior [ RunTime:0.001000s ]
INFO: [ view_filter ] --END-- [ RunTime:0.001000s ]
INFO: [ app_end ] --START--
INFO: Run Behavior\ShowPageTraceBehavior [ RunTime:0.002000s ]
INFO: [ app_end ] --END-- [ RunTime:0.002000s ]

[ 2019-09-24T22:10:23+08:00 ] 127.0.0.1 /index.php/Home/Index/index.html
INFO: [ app_init ] --START--
INFO: Run Behavior\BuildLiteBehavior [ RunTime:0.000000s ]
INFO: [ app_init ] --END-- [ RunTime:0.001000s ]
INFO: [ app_begin ] --START--
INFO: Run Behavior\ReadHtmlCacheBehavior [ RunTime:0.001000s ]
INFO: [ app_begin ] --END-- [ RunTime:0.001000s ]
SQL: SHOW COLUMNS FROM `dt_task` [ RunTime:0.0300s ]
NOTIC: [2048] Only variables should be passed by reference D:\wwwroot\demo.52jscn.com\ThinkPHP\Library\Think\Db\Driver.class.php 第 769 行.
SQL: SELECT `id`,`title`,`level`,`price`,`create_time`,`max_num`,`apply_num`,max_num-apply_num as leftnum,`tasklb`,`task_require`,`video_url`,`end_time` FROM `dt_task` WHERE `status` = 1 ORDER BY `id` desc LIMIT 800   [ RunTime:0.0010s ]
SQL: SHOW COLUMNS FROM `dt_level` [ RunTime:0.0200s ]
NOTIC: [2048] Only variables should be passed by reference D:\wwwroot\demo.52jscn.com\ThinkPHP\Library\Think\Db\Driver.class.php 第 769 行.
SQL: SELECT * FROM `dt_level` ORDER BY `id` asc  [ RunTime:0.0010s ]
SQL: SHOW COLUMNS FROM `dt_page` [ RunTime:0.0170s ]
NOTIC: [2048] Only variables should be passed by reference D:\wwwroot\demo.52jscn.com\ThinkPHP\Library\Think\Db\Driver.class.php 第 769 行.
SQL: SELECT `id`,`title`,`update_time` FROM `dt_page` WHERE `recommend` = 1 ORDER BY `update_time` asc LIMIT 3   [ RunTime:0.0000s ]
INFO: [ view_parse ] --START--
INFO: [ template_filter ] --START--
INFO: Run Behavior\ContentReplaceBehavior [ RunTime:0.000000s ]
INFO: [ template_filter ] --END-- [ RunTime:0.000000s ]
NOTIC: [8] Undefined variable: version D:\wwwroot\demo.52jscn.com\Runtime\Cache\Home\d678f280cf84122e981f201997603ea5.php 第 12 行.
INFO: Run Behavior\ParseTemplateBehavior [ RunTime:0.030002s ]
INFO: [ view_parse ] --END-- [ RunTime:0.030002s ]
INFO: [ view_filter ] --START--
INFO: Run Behavior\WriteHtmlCacheBehavior [ RunTime:0.000000s ]
INFO: [ view_filter ] --END-- [ RunTime:0.001000s ]
INFO: [ app_end ] --START--
INFO: Run Behavior\ShowPageTraceBehavior [ RunTime:0.001000s ]
INFO: [ app_end ] --END-- [ RunTime:0.001000s ]

[ 2019-09-24T22:10:26+08:00 ] 127.0.0.1 /index.php/Home/Task/submission_task.html
INFO: [ app_init ] --START--
INFO: Run Behavior\BuildLiteBehavior [ RunTime:0.000000s ]
INFO: [ app_init ] --END-- [ RunTime:0.001000s ]
INFO: [ app_begin ] --START--
INFO: Run Behavior\ReadHtmlCacheBehavior [ RunTime:0.000000s ]
INFO: [ app_begin ] --END-- [ RunTime:0.000000s ]
NOTIC: [2048] Declaration of Home\Controller\TaskController::show() should be compatible with Think\Controller::show($content, $charset = '', $contentType = '', $prefix = '') D:\wwwroot\demo.52jscn.com\Application\Home\Controller\TaskController.class.php 第 6 行.
SQL: SHOW COLUMNS FROM `dt_task_apply` [ RunTime:0.0160s ]
SQL: SELECT COUNT(*) AS tp_count FROM dt_task_apply a WHERE a.member_id = '52774' AND a.status = 0 LIMIT 1   [ RunTime:0.0000s ]
NOTIC: [2048] Only variables should be passed by reference D:\wwwroot\demo.52jscn.com\ThinkPHP\Library\Think\Db\Driver.class.php 第 769 行.
SQL: SELECT a.*,b.title,b.task_require,b.video_url,b.tasklb,b.level,b.price,b.max_num,b.apply_num,b.max_num-b.apply_num as leftnum,b.level FROM dt_task_apply a left JOIN dt_task as b on a.task_id = b.id  WHERE a.member_id = '52774' AND a.status = 0 ORDER BY a.id desc LIMIT 0,10   [ RunTime:0.0000s ]
SQL: SHOW COLUMNS FROM `dt_level` [ RunTime:0.0150s ]
NOTIC: [2048] Only variables should be passed by reference D:\wwwroot\demo.52jscn.com\ThinkPHP\Library\Think\Db\Driver.class.php 第 769 行.
SQL: SELECT * FROM `dt_level` ORDER BY `id` asc  [ RunTime:0.0010s ]
INFO: [ view_parse ] --START--
INFO: [ template_filter ] --START--
INFO: Run Behavior\ContentReplaceBehavior [ RunTime:0.000000s ]
INFO: [ template_filter ] --END-- [ RunTime:0.000000s ]
INFO: Run Behavior\ParseTemplateBehavior [ RunTime:0.018001s ]
INFO: [ view_parse ] --END-- [ RunTime:0.018001s ]
INFO: [ view_filter ] --START--
INFO: Run Behavior\WriteHtmlCacheBehavior [ RunTime:0.001001s ]
INFO: [ view_filter ] --END-- [ RunTime:0.001001s ]
INFO: [ app_end ] --START--
INFO: Run Behavior\ShowPageTraceBehavior [ RunTime:0.002000s ]
INFO: [ app_end ] --END-- [ RunTime:0.002000s ]

[ 2019-09-24T22:10:28+08:00 ] 127.0.0.1 /index.php/Home/Member/apply.html
INFO: [ app_init ] --START--
INFO: Run Behavior\BuildLiteBehavior [ RunTime:0.000000s ]
INFO: [ app_init ] --END-- [ RunTime:0.001000s ]
INFO: [ app_begin ] --START--
INFO: Run Behavior\ReadHtmlCacheBehavior [ RunTime:0.001000s ]
INFO: [ app_begin ] --END-- [ RunTime:0.001000s ]
SQL: SHOW COLUMNS FROM `dt_task_apply` [ RunTime:0.0230s ]
SQL: SELECT COUNT(*) AS tp_count FROM `dt_task_apply` WHERE `member_id` = 52774 LIMIT 1   [ RunTime:0.0000s ]
NOTIC: [2048] Only variables should be passed by reference D:\wwwroot\demo.52jscn.com\ThinkPHP\Library\Think\Db\Driver.class.php 第 769 行.
SQL: SELECT a.*,b.title FROM dt_task_apply a left JOIN dt_task as b on a.task_id = b.id  WHERE a.member_id = '52774' ORDER BY a.id desc LIMIT 0,10   [ RunTime:0.0010s ]
INFO: [ view_parse ] --START--
INFO: [ template_filter ] --START--
INFO: Run Behavior\ContentReplaceBehavior [ RunTime:0.001001s ]
INFO: [ template_filter ] --END-- [ RunTime:0.001001s ]
INFO: Run Behavior\ParseTemplateBehavior [ RunTime:0.016001s ]
INFO: [ view_parse ] --END-- [ RunTime:0.017001s ]
INFO: [ view_filter ] --START--
INFO: Run Behavior\WriteHtmlCacheBehavior [ RunTime:0.000000s ]
INFO: [ view_filter ] --END-- [ RunTime:0.000000s ]
INFO: [ app_end ] --START--
INFO: Run Behavior\ShowPageTraceBehavior [ RunTime:0.002000s ]
INFO: [ app_end ] --END-- [ RunTime:0.002000s ]

[ 2019-09-24T22:10:31+08:00 ] 127.0.0.1 /index.php/Home/Member/vip.html
INFO: [ app_init ] --START--
INFO: Run Behavior\BuildLiteBehavior [ RunTime:0.000000s ]
INFO: [ app_init ] --END-- [ RunTime:0.001000s ]
INFO: [ app_begin ] --START--
INFO: Run Behavior\ReadHtmlCacheBehavior [ RunTime:0.001000s ]
INFO: [ app_begin ] --END-- [ RunTime:0.001000s ]
SQL: SHOW COLUMNS FROM `dt_member` [ RunTime:0.0280s ]
SQL: SELECT * FROM `dt_member` WHERE `id` = 52774 LIMIT 1   [ RunTime:0.0010s ]
SQL: SHOW COLUMNS FROM `dt_level` [ RunTime:0.0150s ]
NOTIC: [2048] Only variables should be passed by reference D:\wwwroot\demo.52jscn.com\ThinkPHP\Library\Think\Db\Driver.class.php 第 769 行.
SQL: SELECT * FROM `dt_level` ORDER BY `id` asc  [ RunTime:0.0010s ]
NOTIC: [2048] Only variables should be passed by reference D:\wwwroot\demo.52jscn.com\ThinkPHP\Library\Think\Db\Driver.class.php 第 769 行.
SQL: SELECT * FROM `dt_level` ORDER BY `id` asc  [ RunTime:0.0010s ]
INFO: [ view_parse ] --START--
INFO: [ template_filter ] --START--
INFO: Run Behavior\ContentReplaceBehavior [ RunTime:0.000000s ]
INFO: [ template_filter ] --END-- [ RunTime:0.000000s ]
INFO: Run Behavior\ParseTemplateBehavior [ RunTime:0.026001s ]
INFO: [ view_parse ] --END-- [ RunTime:0.027001s ]
INFO: [ view_filter ] --START--
INFO: Run Behavior\WriteHtmlCacheBehavior [ RunTime:0.001000s ]
INFO: [ view_filter ] --END-- [ RunTime:0.001000s ]
INFO: [ app_end ] --START--
INFO: Run Behavior\ShowPageTraceBehavior [ RunTime:0.001000s ]
INFO: [ app_end ] --END-- [ RunTime:0.001000s ]

[ 2019-09-24T22:10:32+08:00 ] 127.0.0.1 /index.php/Home/Index/index.html
INFO: [ app_init ] --START--
INFO: Run Behavior\BuildLiteBehavior [ RunTime:0.000000s ]
INFO: [ app_init ] --END-- [ RunTime:0.001000s ]
INFO: [ app_begin ] --START--
INFO: Run Behavior\ReadHtmlCacheBehavior [ RunTime:0.002000s ]
INFO: [ app_begin ] --END-- [ RunTime:0.002000s ]
SQL: SHOW COLUMNS FROM `dt_task` [ RunTime:0.0270s ]
NOTIC: [2048] Only variables should be passed by reference D:\wwwroot\demo.52jscn.com\ThinkPHP\Library\Think\Db\Driver.class.php 第 769 行.
SQL: SELECT `id`,`title`,`level`,`price`,`create_time`,`max_num`,`apply_num`,max_num-apply_num as leftnum,`tasklb`,`task_require`,`video_url`,`end_time` FROM `dt_task` WHERE `status` = 1 ORDER BY `id` desc LIMIT 800   [ RunTime:0.0010s ]
SQL: SHOW COLUMNS FROM `dt_level` [ RunTime:0.0180s ]
NOTIC: [2048] Only variables should be passed by reference D:\wwwroot\demo.52jscn.com\ThinkPHP\Library\Think\Db\Driver.class.php 第 769 行.
SQL: SELECT * FROM `dt_level` ORDER BY `id` asc  [ RunTime:0.0010s ]
SQL: SHOW COLUMNS FROM `dt_page` [ RunTime:0.0150s ]
NOTIC: [2048] Only variables should be passed by reference D:\wwwroot\demo.52jscn.com\ThinkPHP\Library\Think\Db\Driver.class.php 第 769 行.
SQL: SELECT `id`,`title`,`update_time` FROM `dt_page` WHERE `recommend` = 1 ORDER BY `update_time` asc LIMIT 3   [ RunTime:0.0000s ]
INFO: [ view_parse ] --START--
INFO: [ template_filter ] --START--
INFO: Run Behavior\ContentReplaceBehavior [ RunTime:0.001000s ]
INFO: [ template_filter ] --END-- [ RunTime:0.001000s ]
NOTIC: [8] Undefined variable: version D:\wwwroot\demo.52jscn.com\Runtime\Cache\Home\d678f280cf84122e981f201997603ea5.php 第 12 行.
INFO: Run Behavior\ParseTemplateBehavior [ RunTime:0.032002s ]
INFO: [ view_parse ] --END-- [ RunTime:0.032002s ]
INFO: [ view_filter ] --START--
INFO: Run Behavior\WriteHtmlCacheBehavior [ RunTime:0.001000s ]
INFO: [ view_filter ] --END-- [ RunTime:0.001000s ]
INFO: [ app_end ] --START--
INFO: Run Behavior\ShowPageTraceBehavior [ RunTime:0.001000s ]
INFO: [ app_end ] --END-- [ RunTime:0.001000s ]

[ 2019-09-24T22:10:34+08:00 ] 127.0.0.1 /index.php/Home/Task/get_task.html
INFO: [ app_init ] --START--
INFO: Run Behavior\BuildLiteBehavior [ RunTime:0.001000s ]
INFO: [ app_init ] --END-- [ RunTime:0.001000s ]
INFO: [ app_begin ] --START--
INFO: Run Behavior\ReadHtmlCacheBehavior [ RunTime:0.002000s ]
INFO: [ app_begin ] --END-- [ RunTime:0.002000s ]
NOTIC: [2048] Declaration of Home\Controller\TaskController::show() should be compatible with Think\Controller::show($content, $charset = '', $contentType = '', $prefix = '') D:\wwwroot\demo.52jscn.com\Application\Home\Controller\TaskController.class.php 第 6 行.
SQL: SHOW COLUMNS FROM `dt_member` [ RunTime:0.0240s ]
SQL: SELECT `level` FROM `dt_member` WHERE `id` = 52774 LIMIT 1   [ RunTime:0.0000s ]
SQL: SHOW COLUMNS FROM `dt_task` [ RunTime:0.0170s ]
SQL: SELECT `level`,`price`,`max_num`,`apply_num`,`end_time` FROM `dt_task` WHERE `id` = 395 LIMIT 1   [ RunTime:0.0000s ]
SQL: SHOW COLUMNS FROM `dt_level` [ RunTime:0.0150s ]
NOTIC: [2048] Only variables should be passed by reference D:\wwwroot\demo.52jscn.com\ThinkPHP\Library\Think\Db\Driver.class.php 第 769 行.
SQL: SELECT * FROM `dt_level` ORDER BY `id` asc  [ RunTime:0.0010s ]
SQL: SHOW COLUMNS FROM `dt_task_apply` [ RunTime:0.0140s ]
SQL: SELECT * FROM `dt_task_apply` WHERE `task_id` = 395 AND `member_id` = 52774 LIMIT 1   [ RunTime:0.0000s ]
SQL: SELECT `day_limit_task_num` FROM `dt_level` WHERE `level` = 0 LIMIT 1   [ RunTime:0.0000s ]
SQL: SELECT COUNT(*) AS tp_count FROM `dt_task_apply` WHERE (  create_time > 1569254400 and member_id=52774  ) LIMIT 1   [ RunTime:0.0000s ]
SQL: INSERT INTO `dt_task_apply` (`task_id`,`member_id`,`price`,`status`,`create_time`,`update_time`) VALUES ('395','52774','0.60','0','1569334234','1569334234') [ RunTime:0.0010s ]
SQL: UPDATE `dt_task` SET `apply_num`=apply_num+1 WHERE `id` = 395 [ RunTime:0.0010s ]

[ 2019-09-24T22:10:39+08:00 ] 127.0.0.1 /index.php/Home/Task/submission_task.html
INFO: [ app_init ] --START--
INFO: Run Behavior\BuildLiteBehavior [ RunTime:0.000000s ]
INFO: [ app_init ] --END-- [ RunTime:0.001000s ]
INFO: [ app_begin ] --START--
INFO: Run Behavior\ReadHtmlCacheBehavior [ RunTime:0.001000s ]
INFO: [ app_begin ] --END-- [ RunTime:0.001000s ]
NOTIC: [2048] Declaration of Home\Controller\TaskController::show() should be compatible with Think\Controller::show($content, $charset = '', $contentType = '', $prefix = '') D:\wwwroot\demo.52jscn.com\Application\Home\Controller\TaskController.class.php 第 6 行.
SQL: SHOW COLUMNS FROM `dt_task_apply` [ RunTime:0.0280s ]
SQL: SELECT COUNT(*) AS tp_count FROM dt_task_apply a WHERE a.member_id = '52774' AND a.status = 0 LIMIT 1   [ RunTime:0.0010s ]
NOTIC: [2048] Only variables should be passed by reference D:\wwwroot\demo.52jscn.com\ThinkPHP\Library\Think\Db\Driver.class.php 第 769 行.
SQL: SELECT a.*,b.title,b.task_require,b.video_url,b.tasklb,b.level,b.price,b.max_num,b.apply_num,b.max_num-b.apply_num as leftnum,b.level FROM dt_task_apply a left JOIN dt_task as b on a.task_id = b.id  WHERE a.member_id = '52774' AND a.status = 0 ORDER BY a.id desc LIMIT 0,10   [ RunTime:0.0010s ]
SQL: SHOW COLUMNS FROM `dt_level` [ RunTime:0.0200s ]
NOTIC: [2048] Only variables should be passed by reference D:\wwwroot\demo.52jscn.com\ThinkPHP\Library\Think\Db\Driver.class.php 第 769 行.
SQL: SELECT * FROM `dt_level` ORDER BY `id` asc  [ RunTime:0.0000s ]
INFO: [ view_parse ] --START--
INFO: [ template_filter ] --START--
INFO: Run Behavior\ContentReplaceBehavior [ RunTime:0.000000s ]
INFO: [ template_filter ] --END-- [ RunTime:0.000000s ]
INFO: Run Behavior\ParseTemplateBehavior [ RunTime:0.018001s ]
INFO: [ view_parse ] --END-- [ RunTime:0.018001s ]
INFO: [ view_filter ] --START--
INFO: Run Behavior\WriteHtmlCacheBehavior [ RunTime:0.001000s ]
INFO: [ view_filter ] --END-- [ RunTime:0.001000s ]
INFO: [ app_end ] --START--
INFO: Run Behavior\ShowPageTraceBehavior [ RunTime:0.001001s ]
INFO: [ app_end ] --END-- [ RunTime:0.001001s ]

[ 2019-09-24T22:11:53+08:00 ] 127.0.0.1 /index.php/Home/Member/index.html
INFO: [ app_init ] --START--
INFO: Run Behavior\BuildLiteBehavior [ RunTime:0.001000s ]
INFO: [ app_init ] --END-- [ RunTime:0.001000s ]
INFO: [ app_begin ] --START--
INFO: Run Behavior\ReadHtmlCacheBehavior [ RunTime:0.001000s ]
INFO: [ app_begin ] --END-- [ RunTime:0.001000s ]
SQL: SHOW COLUMNS FROM `dt_member` [ RunTime:0.0180s ]
SQL: SELECT * FROM `dt_member` WHERE `id` = 52774 LIMIT 1   [ RunTime:0.0000s ]
SQL: SHOW COLUMNS FROM `dt_level` [ RunTime:0.0130s ]
SQL: SELECT * FROM `dt_level` WHERE `level` = 0 LIMIT 1   [ RunTime:0.0000s ]
NOTIC: [2048] Only variables should be passed by reference D:\wwwroot\demo.52jscn.com\ThinkPHP\Library\Think\Db\Driver.class.php 第 769 行.
SQL: SELECT * FROM `dt_level` ORDER BY `id` asc  [ RunTime:0.0000s ]
SQL: SHOW COLUMNS FROM `dt_sale_list` [ RunTime:0.0110s ]
SQL: SELECT SUM(price) AS tp_sum FROM `dt_sale_list` WHERE ( member_id=52774 and TO_DAYS(from_unixtime(create_time)) = TO_DAYS(now()) ) LIMIT 1   [ RunTime:0.0010s ]
SQL: SELECT SUM(price) AS tp_sum FROM `dt_sale_list` WHERE ( member_id=52774 and DATE_FORMAT(from_unixtime(create_time),'%Y%m') = DATE_FORMAT(CURDATE(),'%Y%m') ) LIMIT 1   [ RunTime:0.0000s ]
SQL: SELECT SUM(price) AS tp_sum FROM `dt_sale_list` WHERE ( member_id=52774 ) LIMIT 1   [ RunTime:0.0000s ]
SQL: SELECT COUNT(*) AS tp_count FROM `dt_member` WHERE (  (p1=52774 or p2=52774 or p3=52774) and (TO_DAYS(from_unixtime(create_time)) = TO_DAYS(now()))  ) LIMIT 1   [ RunTime:0.0000s ]
SQL: SELECT COUNT(*) AS tp_count FROM `dt_member` WHERE (  (p1=52774 or p2=52774 or p3=52774) and (DATE_FORMAT(from_unixtime(create_time),'%Y%m') = DATE_FORMAT(CURDATE(),'%Y%m')) ) LIMIT 1   [ RunTime:0.0010s ]
SQL: SELECT COUNT(*) AS tp_count FROM `dt_member` WHERE ( p1=52774 or p2=52774 or p3=52774 ) LIMIT 1   [ RunTime:0.0000s ]
SQL: SHOW COLUMNS FROM `dt_notice` [ RunTime:0.0120s ]
SQL: SELECT COUNT(*) AS tp_count FROM `dt_notice` WHERE ( (( member_id = 52774 ) or ( (is_system = 1 and role_type = 0) or ( is_system = 1 and role_type = 1 ) ) ) and create_time > 0  ) LIMIT 1   [ RunTime:0.0000s ]
SQL: SHOW COLUMNS FROM `dt_task_apply` [ RunTime:0.0100s ]
NOTIC: [2048] Only variables should be passed by reference D:\wwwroot\demo.52jscn.com\ThinkPHP\Library\Think\Db\Driver.class.php 第 769 行.
SQL: SELECT a.*,b.title FROM dt_task_apply a left JOIN dt_task as b on a.task_id = b.id  WHERE ( a.member_id =52774 and a.create_time > 1569254400 and a.create_time < 1569340799 ) ORDER BY a.id desc  [ RunTime:0.0010s ]
INFO: [ view_parse ] --START--
INFO: [ template_filter ] --START--
INFO: Run Behavior\ContentReplaceBehavior [ RunTime:0.001000s ]
INFO: [ template_filter ] --END-- [ RunTime:0.001000s ]
INFO: Run Behavior\ParseTemplateBehavior [ RunTime:0.014001s ]
INFO: [ view_parse ] --END-- [ RunTime:0.014001s ]
INFO: [ view_filter ] --START--
INFO: Run Behavior\WriteHtmlCacheBehavior [ RunTime:0.001000s ]
INFO: [ view_filter ] --END-- [ RunTime:0.001000s ]
INFO: [ app_end ] --START--
INFO: Run Behavior\ShowPageTraceBehavior [ RunTime:0.001000s ]
INFO: [ app_end ] --END-- [ RunTime:0.001000s ]

[ 2019-09-24T22:11:57+08:00 ] 127.0.0.1 /index.php/Home/Public/share/smid/52774.html
INFO: [ app_init ] --START--
INFO: Run Behavior\BuildLiteBehavior [ RunTime:0.000000s ]
INFO: [ app_init ] --END-- [ RunTime:0.001000s ]
INFO: [ app_begin ] --START--
INFO: Run Behavior\ReadHtmlCacheBehavior [ RunTime:0.001000s ]
INFO: [ app_begin ] --END-- [ RunTime:0.001000s ]
INFO: [ view_parse ] --START--
INFO: [ template_filter ] --START--
INFO: Run Behavior\ContentReplaceBehavior [ RunTime:0.000000s ]
INFO: [ template_filter ] --END-- [ RunTime:0.000000s ]
INFO: Run Behavior\ParseTemplateBehavior [ RunTime:0.012001s ]
INFO: [ view_parse ] --END-- [ RunTime:0.012001s ]
INFO: [ view_filter ] --START--
INFO: Run Behavior\WriteHtmlCacheBehavior [ RunTime:0.001000s ]
INFO: [ view_filter ] --END-- [ RunTime:0.001000s ]
INFO: [ app_end ] --START--
INFO: Run Behavior\ShowPageTraceBehavior [ RunTime:0.001000s ]
INFO: [ app_end ] --END-- [ RunTime:0.001000s ]

[ 2019-09-24T22:11:57+08:00 ] 127.0.0.1 /index.php/Home/Qrcode/qrcode.html
INFO: [ app_init ] --START--
INFO: Run Behavior\BuildLiteBehavior [ RunTime:0.000000s ]
INFO: [ app_init ] --END-- [ RunTime:0.001001s ]
INFO: [ app_begin ] --START--
INFO: Run Behavior\ReadHtmlCacheBehavior [ RunTime:0.001000s ]
INFO: [ app_begin ] --END-- [ RunTime:0.001000s ]

[ 2019-09-24T22:12:05+08:00 ] 127.0.0.1 /index.php/Home/Page/index
INFO: [ app_init ] --START--
INFO: Run Behavior\BuildLiteBehavior [ RunTime:0.000000s ]
INFO: [ app_init ] --END-- [ RunTime:0.000000s ]
INFO: [ app_begin ] --START--
INFO: Run Behavior\ReadHtmlCacheBehavior [ RunTime:0.000000s ]
INFO: [ app_begin ] --END-- [ RunTime:0.000000s ]
NOTIC: [2048] Declaration of Home\Controller\PageController::show() should be compatible with Think\Controller::show($content, $charset = '', $contentType = '', $prefix = '') D:\wwwroot\demo.52jscn.com\Application\Home\Controller\PageController.class.php 第 6 行.
SQL: SHOW COLUMNS FROM `dt_page` [ RunTime:0.0190s ]
NOTIC: [2048] Only variables should be passed by reference D:\wwwroot\demo.52jscn.com\ThinkPHP\Library\Think\Db\Driver.class.php 第 769 行.
NOTIC: [2048] Only variables should be passed by reference D:\wwwroot\demo.52jscn.com\ThinkPHP\Library\Think\Db\Driver.class.php 第 769 行.
SQL: SELECT `id`,`title`,`create_time` FROM `dt_page` ORDER BY `sort` asc,`id` asc  [ RunTime:0.0010s ]
INFO: [ view_parse ] --START--
INFO: [ template_filter ] --START--
INFO: Run Behavior\ContentReplaceBehavior [ RunTime:0.000000s ]
INFO: [ template_filter ] --END-- [ RunTime:0.000000s ]
INFO: Run Behavior\ParseTemplateBehavior [ RunTime:0.025002s ]
INFO: [ view_parse ] --END-- [ RunTime:0.026002s ]
INFO: [ view_filter ] --START--
INFO: Run Behavior\WriteHtmlCacheBehavior [ RunTime:0.001000s ]
INFO: [ view_filter ] --END-- [ RunTime:0.001000s ]
INFO: [ app_end ] --START--
INFO: Run Behavior\ShowPageTraceBehavior [ RunTime:0.002000s ]
INFO: [ app_end ] --END-- [ RunTime:0.002000s ]

[ 2019-09-24T22:13:58+08:00 ] 127.0.0.1 /index.php/Home/Page/index
INFO: [ app_init ] --START--
INFO: Run Behavior\BuildLiteBehavior [ RunTime:0.000000s ]
INFO: [ app_init ] --END-- [ RunTime:0.002000s ]
INFO: [ app_begin ] --START--
INFO: Run Behavior\ReadHtmlCacheBehavior [ RunTime:0.002000s ]
INFO: [ app_begin ] --END-- [ RunTime:0.002000s ]
NOTIC: [2048] Declaration of Home\Controller\PageController::show() should be compatible with Think\Controller::show($content, $charset = '', $contentType = '', $prefix = '') D:\wwwroot\demo.52jscn.com\Application\Home\Controller\PageController.class.php 第 6 行.
SQL: SHOW COLUMNS FROM `dt_page` [ RunTime:0.0180s ]
NOTIC: [2048] Only variables should be passed by reference D:\wwwroot\demo.52jscn.com\ThinkPHP\Library\Think\Db\Driver.class.php 第 769 行.
NOTIC: [2048] Only variables should be passed by reference D:\wwwroot\demo.52jscn.com\ThinkPHP\Library\Think\Db\Driver.class.php 第 769 行.
SQL: SELECT `id`,`title`,`create_time` FROM `dt_page` ORDER BY `sort` asc,`id` asc  [ RunTime:0.0000s ]
INFO: [ view_parse ] --START--
INFO: [ template_filter ] --START--
INFO: Run Behavior\ContentReplaceBehavior [ RunTime:0.000000s ]
INFO: [ template_filter ] --END-- [ RunTime:0.001000s ]
INFO: Run Behavior\ParseTemplateBehavior [ RunTime:0.014001s ]
INFO: [ view_parse ] --END-- [ RunTime:0.014001s ]
INFO: [ view_filter ] --START--
INFO: Run Behavior\WriteHtmlCacheBehavior [ RunTime:0.000000s ]
INFO: [ view_filter ] --END-- [ RunTime:0.001000s ]
INFO: [ app_end ] --START--
INFO: Run Behavior\ShowPageTraceBehavior [ RunTime:0.001000s ]
INFO: [ app_end ] --END-- [ RunTime:0.001000s ]

[ 2019-09-24T22:14:01+08:00 ] 127.0.0.1 /index.php/Home/Member/info_edit/field/bank_number.html
INFO: [ app_init ] --START--
INFO: Run Behavior\BuildLiteBehavior [ RunTime:0.000000s ]
INFO: [ app_init ] --END-- [ RunTime:0.002001s ]
INFO: [ app_begin ] --START--
INFO: Run Behavior\ReadHtmlCacheBehavior [ RunTime:0.002000s ]
INFO: [ app_begin ] --END-- [ RunTime:0.002000s ]
INFO: [ view_parse ] --START--
INFO: [ template_filter ] --START--
INFO: Run Behavior\ContentReplaceBehavior [ RunTime:0.000000s ]
INFO: [ template_filter ] --END-- [ RunTime:0.000000s ]
NOTIC: [8] Undefined index: f D:\wwwroot\demo.52jscn.com\Runtime\Cache\Home\38090532b1142d7a318965e669284958.php 第 36 行.
INFO: Run Behavior\ParseTemplateBehavior [ RunTime:0.012001s ]
INFO: [ view_parse ] --END-- [ RunTime:0.012001s ]
INFO: [ view_filter ] --START--
INFO: Run Behavior\WriteHtmlCacheBehavior [ RunTime:0.001000s ]
INFO: [ view_filter ] --END-- [ RunTime:0.001000s ]
INFO: [ app_end ] --START--
INFO: Run Behavior\ShowPageTraceBehavior [ RunTime:0.001000s ]
INFO: [ app_end ] --END-- [ RunTime:0.001000s ]

[ 2019-09-24T22:14:03+08:00 ] 127.0.0.1 /index.php/Home/Member/vip.html
INFO: [ app_init ] --START--
INFO: Run Behavior\BuildLiteBehavior [ RunTime:0.000000s ]
INFO: [ app_init ] --END-- [ RunTime:0.001000s ]
INFO: [ app_begin ] --START--
INFO: Run Behavior\ReadHtmlCacheBehavior [ RunTime:0.001000s ]
INFO: [ app_begin ] --END-- [ RunTime:0.001000s ]
SQL: SHOW COLUMNS FROM `dt_member` [ RunTime:0.0190s ]
SQL: SELECT * FROM `dt_member` WHERE `id` = 52774 LIMIT 1   [ RunTime:0.0010s ]
SQL: SHOW COLUMNS FROM `dt_level` [ RunTime:0.0110s ]
NOTIC: [2048] Only variables should be passed by reference D:\wwwroot\demo.52jscn.com\ThinkPHP\Library\Think\Db\Driver.class.php 第 769 行.
SQL: SELECT * FROM `dt_level` ORDER BY `id` asc  [ RunTime:0.0000s ]
NOTIC: [2048] Only variables should be passed by reference D:\wwwroot\demo.52jscn.com\ThinkPHP\Library\Think\Db\Driver.class.php 第 769 行.
SQL: SELECT * FROM `dt_level` ORDER BY `id` asc  [ RunTime:0.0000s ]
INFO: [ view_parse ] --START--
INFO: [ template_filter ] --START--
INFO: Run Behavior\ContentReplaceBehavior [ RunTime:0.000000s ]
INFO: [ template_filter ] --END-- [ RunTime:0.000000s ]
INFO: Run Behavior\ParseTemplateBehavior [ RunTime:0.020001s ]
INFO: [ view_parse ] --END-- [ RunTime:0.020001s ]
INFO: [ view_filter ] --START--
INFO: Run Behavior\WriteHtmlCacheBehavior [ RunTime:0.001000s ]
INFO: [ view_filter ] --END-- [ RunTime:0.001000s ]
INFO: [ app_end ] --START--
INFO: Run Behavior\ShowPageTraceBehavior [ RunTime:0.001000s ]
INFO: [ app_end ] --END-- [ RunTime:0.001000s ]

[ 2019-09-24T22:14:05+08:00 ] 127.0.0.1 /index.php/Home/Public/share/smid/52774.html
INFO: [ app_init ] --START--
INFO: Run Behavior\BuildLiteBehavior [ RunTime:0.000000s ]
INFO: [ app_init ] --END-- [ RunTime:0.001000s ]
INFO: [ app_begin ] --START--
INFO: Run Behavior\ReadHtmlCacheBehavior [ RunTime:0.001000s ]
INFO: [ app_begin ] --END-- [ RunTime:0.001000s ]
INFO: [ view_parse ] --START--
INFO: [ template_filter ] --START--
INFO: Run Behavior\ContentReplaceBehavior [ RunTime:0.000000s ]
INFO: [ template_filter ] --END-- [ RunTime:0.000000s ]
INFO: Run Behavior\ParseTemplateBehavior [ RunTime:0.011001s ]
INFO: [ view_parse ] --END-- [ RunTime:0.011001s ]
INFO: [ view_filter ] --START--
INFO: Run Behavior\WriteHtmlCacheBehavior [ RunTime:0.001000s ]
INFO: [ view_filter ] --END-- [ RunTime:0.001000s ]
INFO: [ app_end ] --START--
INFO: Run Behavior\ShowPageTraceBehavior [ RunTime:0.001000s ]
INFO: [ app_end ] --END-- [ RunTime:0.001000s ]

[ 2019-09-24T22:14:05+08:00 ] 127.0.0.1 /index.php/Home/Qrcode/qrcode.html
INFO: [ app_init ] --START--
INFO: Run Behavior\BuildLiteBehavior [ RunTime:0.000000s ]
INFO: [ app_init ] --END-- [ RunTime:0.001000s ]
INFO: [ app_begin ] --START--
INFO: Run Behavior\ReadHtmlCacheBehavior [ RunTime:0.001000s ]
INFO: [ app_begin ] --END-- [ RunTime:0.001000s ]

[ 2019-09-24T22:16:30+08:00 ] 127.0.0.1 /index.php/Home/Index/index.html
INFO: [ app_init ] --START--
INFO: Run Behavior\BuildLiteBehavior [ RunTime:0.000000s ]
INFO: [ app_init ] --END-- [ RunTime:0.002000s ]
INFO: [ app_begin ] --START--
INFO: Run Behavior\ReadHtmlCacheBehavior [ RunTime:0.002000s ]
INFO: [ app_begin ] --END-- [ RunTime:0.002000s ]
SQL: SHOW COLUMNS FROM `dt_task` [ RunTime:0.0100s ]
NOTIC: [2048] Only variables should be passed by reference D:\wwwroot\demo.52jscn.com\ThinkPHP\Library\Think\Db\Driver.class.php 第 769 行.
SQL: SELECT `id`,`title`,`level`,`price`,`create_time`,`max_num`,`apply_num`,max_num-apply_num as leftnum,`tasklb`,`task_require`,`video_url`,`end_time` FROM `dt_task` WHERE `status` = 1 ORDER BY `id` desc LIMIT 800   [ RunTime:0.0020s ]
SQL: SHOW COLUMNS FROM `dt_level` [ RunTime:0.0100s ]
NOTIC: [2048] Only variables should be passed by reference D:\wwwroot\demo.52jscn.com\ThinkPHP\Library\Think\Db\Driver.class.php 第 769 行.
SQL: SELECT * FROM `dt_level` ORDER BY `id` asc  [ RunTime:0.0010s ]
SQL: SHOW COLUMNS FROM `dt_page` [ RunTime:0.0100s ]
NOTIC: [2048] Only variables should be passed by reference D:\wwwroot\demo.52jscn.com\ThinkPHP\Library\Think\Db\Driver.class.php 第 769 行.
SQL: SELECT `id`,`title`,`update_time` FROM `dt_page` WHERE `recommend` = 1 ORDER BY `update_time` asc LIMIT 3   [ RunTime:0.0000s ]
INFO: [ view_parse ] --START--
INFO: [ template_filter ] --START--
INFO: Run Behavior\ContentReplaceBehavior [ RunTime:0.000000s ]
INFO: [ template_filter ] --END-- [ RunTime:0.000000s ]
NOTIC: [8] Undefined variable: version D:\wwwroot\demo.52jscn.com\Runtime\Cache\Home\d678f280cf84122e981f201997603ea5.php 第 12 行.
INFO: Run Behavior\ParseTemplateBehavior [ RunTime:0.026001s ]
INFO: [ view_parse ] --END-- [ RunTime:0.026001s ]
INFO: [ view_filter ] --START--
INFO: Run Behavior\WriteHtmlCacheBehavior [ RunTime:0.000000s ]
INFO: [ view_filter ] --END-- [ RunTime:0.001000s ]
INFO: [ app_end ] --START--
INFO: Run Behavior\ShowPageTraceBehavior [ RunTime:0.001000s ]
INFO: [ app_end ] --END-- [ RunTime:0.001000s ]

[ 2019-09-24T22:18:10+08:00 ] 127.0.0.1 /index.php/Home/Task/get_task.html
INFO: [ app_init ] --START--
INFO: Run Behavior\BuildLiteBehavior [ RunTime:0.000000s ]
INFO: [ app_init ] --END-- [ RunTime:0.001000s ]
INFO: [ app_begin ] --START--
INFO: Run Behavior\ReadHtmlCacheBehavior [ RunTime:0.001000s ]
INFO: [ app_begin ] --END-- [ RunTime:0.001000s ]
NOTIC: [2048] Declaration of Home\Controller\TaskController::show() should be compatible with Think\Controller::show($content, $charset = '', $contentType = '', $prefix = '') D:\wwwroot\demo.52jscn.com\Application\Home\Controller\TaskController.class.php 第 6 行.
SQL: SHOW COLUMNS FROM `dt_member` [ RunTime:0.0120s ]
SQL: SELECT `level` FROM `dt_member` WHERE `id` = 52774 LIMIT 1   [ RunTime:0.0000s ]
SQL: SHOW COLUMNS FROM `dt_task` [ RunTime:0.0130s ]
SQL: SELECT `level`,`price`,`max_num`,`apply_num`,`end_time` FROM `dt_task` WHERE `id` = 395 LIMIT 1   [ RunTime:0.0010s ]
SQL: SHOW COLUMNS FROM `dt_level` [ RunTime:0.0090s ]
NOTIC: [2048] Only variables should be passed by reference D:\wwwroot\demo.52jscn.com\ThinkPHP\Library\Think\Db\Driver.class.php 第 769 行.
SQL: SELECT * FROM `dt_level` ORDER BY `id` asc  [ RunTime:0.0000s ]
SQL: SHOW COLUMNS FROM `dt_task_apply` [ RunTime:0.0100s ]
SQL: SELECT * FROM `dt_task_apply` WHERE `task_id` = 395 AND `member_id` = 52774 LIMIT 1   [ RunTime:0.0000s ]

[ 2019-09-24T22:18:14+08:00 ] 127.0.0.1 /index.php/Home/Task/lists_lb/lb/2.html
INFO: [ app_init ] --START--
INFO: Run Behavior\BuildLiteBehavior [ RunTime:0.000000s ]
INFO: [ app_init ] --END-- [ RunTime:0.001000s ]
INFO: [ app_begin ] --START--
INFO: Run Behavior\ReadHtmlCacheBehavior [ RunTime:0.001000s ]
INFO: [ app_begin ] --END-- [ RunTime:0.001000s ]
NOTIC: [2048] Declaration of Home\Controller\TaskController::show() should be compatible with Think\Controller::show($content, $charset = '', $contentType = '', $prefix = '') D:\wwwroot\demo.52jscn.com\Application\Home\Controller\TaskController.class.php 第 6 行.
SQL: SHOW COLUMNS FROM `dt_task` [ RunTime:0.0170s ]
NOTIC: [2048] Only variables should be passed by reference D:\wwwroot\demo.52jscn.com\ThinkPHP\Library\Think\Db\Driver.class.php 第 769 行.
SQL: SELECT `id`,`title`,`level`,`price`,`create_time`,`max_num`,`apply_num`,max_num-apply_num as leftnum,`tasklb`,`task_require`,`video_url`,`end_time` FROM `dt_task` WHERE `type` = 0 AND `status` = 1 AND `tasklb` = 2 ORDER BY `id` desc LIMIT 1500   [ RunTime:0.0010s ]
NOTIC: [2048] Only variables should be passed by reference D:\wwwroot\demo.52jscn.com\ThinkPHP\Library\Think\Db\Driver.class.php 第 769 行.
SQL: SELECT `id`,`title`,`level`,`price`,`create_time`,`max_num`,`apply_num`,max_num-apply_num as leftnum,`tasklb`,`task_require`,`video_url`,`end_time` FROM `dt_task` WHERE `type` = 1 AND `status` = 1 AND `tasklb` = 2 ORDER BY `id` desc LIMIT 1500   [ RunTime:0.0010s ]
SQL: SHOW COLUMNS FROM `dt_level` [ RunTime:0.0110s ]
NOTIC: [2048] Only variables should be passed by reference D:\wwwroot\demo.52jscn.com\ThinkPHP\Library\Think\Db\Driver.class.php 第 769 行.
SQL: SELECT * FROM `dt_level` ORDER BY `id` asc  [ RunTime:0.0000s ]
INFO: [ view_parse ] --START--
INFO: [ template_filter ] --START--
INFO: Run Behavior\ContentReplaceBehavior [ RunTime:0.000000s ]
INFO: [ template_filter ] --END-- [ RunTime:0.000000s ]
INFO: Run Behavior\ParseTemplateBehavior [ RunTime:0.017001s ]
INFO: [ view_parse ] --END-- [ RunTime:0.017001s ]
INFO: [ view_filter ] --START--
INFO: Run Behavior\WriteHtmlCacheBehavior [ RunTime:0.001000s ]
INFO: [ view_filter ] --END-- [ RunTime:0.001000s ]
INFO: [ app_end ] --START--
INFO: Run Behavior\ShowPageTraceBehavior [ RunTime:0.001000s ]
INFO: [ app_end ] --END-- [ RunTime:0.001000s ]

[ 2019-09-24T22:18:16+08:00 ] 127.0.0.1 /index.php/Home/Task/lists_lb/lb/4.html
INFO: [ app_init ] --START--
INFO: Run Behavior\BuildLiteBehavior [ RunTime:0.000000s ]
INFO: [ app_init ] --END-- [ RunTime:0.001000s ]
INFO: [ app_begin ] --START--
INFO: Run Behavior\ReadHtmlCacheBehavior [ RunTime:0.001000s ]
INFO: [ app_begin ] --END-- [ RunTime:0.001000s ]
NOTIC: [2048] Declaration of Home\Controller\TaskController::show() should be compatible with Think\Controller::show($content, $charset = '', $contentType = '', $prefix = '') D:\wwwroot\demo.52jscn.com\Application\Home\Controller\TaskController.class.php 第 6 行.
SQL: SHOW COLUMNS FROM `dt_task` [ RunTime:0.0200s ]
NOTIC: [2048] Only variables should be passed by reference D:\wwwroot\demo.52jscn.com\ThinkPHP\Library\Think\Db\Driver.class.php 第 769 行.
SQL: SELECT `id`,`title`,`level`,`price`,`create_time`,`max_num`,`apply_num`,max_num-apply_num as leftnum,`tasklb`,`task_require`,`video_url`,`end_time` FROM `dt_task` WHERE `type` = 0 AND `status` = 1 AND `tasklb` = 4 ORDER BY `id` desc LIMIT 1500   [ RunTime:0.0010s ]
NOTIC: [2048] Only variables should be passed by reference D:\wwwroot\demo.52jscn.com\ThinkPHP\Library\Think\Db\Driver.class.php 第 769 行.
SQL: SELECT `id`,`title`,`level`,`price`,`create_time`,`max_num`,`apply_num`,max_num-apply_num as leftnum,`tasklb`,`task_require`,`video_url`,`end_time` FROM `dt_task` WHERE `type` = 1 AND `status` = 1 AND `tasklb` = 4 ORDER BY `id` desc LIMIT 1500   [ RunTime:0.0010s ]
SQL: SHOW COLUMNS FROM `dt_level` [ RunTime:0.0130s ]
NOTIC: [2048] Only variables should be passed by reference D:\wwwroot\demo.52jscn.com\ThinkPHP\Library\Think\Db\Driver.class.php 第 769 行.
SQL: SELECT * FROM `dt_level` ORDER BY `id` asc  [ RunTime:0.0000s ]
INFO: [ view_parse ] --START--
INFO: [ template_filter ] --START--
INFO: Run Behavior\ContentReplaceBehavior [ RunTime:0.001000s ]
INFO: [ template_filter ] --END-- [ RunTime:0.001000s ]
INFO: Run Behavior\ParseTemplateBehavior [ RunTime:0.027002s ]
INFO: [ view_parse ] --END-- [ RunTime:0.028002s ]
INFO: [ view_filter ] --START--
INFO: Run Behavior\WriteHtmlCacheBehavior [ RunTime:0.001000s ]
INFO: [ view_filter ] --END-- [ RunTime:0.001000s ]
INFO: [ app_end ] --START--
INFO: Run Behavior\ShowPageTraceBehavior [ RunTime:0.001000s ]
INFO: [ app_end ] --END-- [ RunTime:0.001000s ]

[ 2019-09-24T22:18:17+08:00 ] 127.0.0.1 /index.php/Home/Task/lists_lb/lb/3.html
INFO: [ app_init ] --START--
INFO: Run Behavior\BuildLiteBehavior [ RunTime:0.000000s ]
INFO: [ app_init ] --END-- [ RunTime:0.001000s ]
INFO: [ app_begin ] --START--
INFO: Run Behavior\ReadHtmlCacheBehavior [ RunTime:0.001000s ]
INFO: [ app_begin ] --END-- [ RunTime:0.001000s ]
NOTIC: [2048] Declaration of Home\Controller\TaskController::show() should be compatible with Think\Controller::show($content, $charset = '', $contentType = '', $prefix = '') D:\wwwroot\demo.52jscn.com\Application\Home\Controller\TaskController.class.php 第 6 行.
SQL: SHOW COLUMNS FROM `dt_task` [ RunTime:0.0180s ]
NOTIC: [2048] Only variables should be passed by reference D:\wwwroot\demo.52jscn.com\ThinkPHP\Library\Think\Db\Driver.class.php 第 769 行.
SQL: SELECT `id`,`title`,`level`,`price`,`create_time`,`max_num`,`apply_num`,max_num-apply_num as leftnum,`tasklb`,`task_require`,`video_url`,`end_time` FROM `dt_task` WHERE `type` = 0 AND `status` = 1 AND `tasklb` = 3 ORDER BY `id` desc LIMIT 1500   [ RunTime:0.0010s ]
NOTIC: [2048] Only variables should be passed by reference D:\wwwroot\demo.52jscn.com\ThinkPHP\Library\Think\Db\Driver.class.php 第 769 行.
SQL: SELECT `id`,`title`,`level`,`price`,`create_time`,`max_num`,`apply_num`,max_num-apply_num as leftnum,`tasklb`,`task_require`,`video_url`,`end_time` FROM `dt_task` WHERE `type` = 1 AND `status` = 1 AND `tasklb` = 3 ORDER BY `id` desc LIMIT 1500   [ RunTime:0.0010s ]
SQL: SHOW COLUMNS FROM `dt_level` [ RunTime:0.0110s ]
NOTIC: [2048] Only variables should be passed by reference D:\wwwroot\demo.52jscn.com\ThinkPHP\Library\Think\Db\Driver.class.php 第 769 行.
SQL: SELECT * FROM `dt_level` ORDER BY `id` asc  [ RunTime:0.0000s ]
INFO: [ view_parse ] --START--
INFO: [ template_filter ] --START--
INFO: Run Behavior\ContentReplaceBehavior [ RunTime:0.000000s ]
INFO: [ template_filter ] --END-- [ RunTime:0.000000s ]
INFO: Run Behavior\ParseTemplateBehavior [ RunTime:0.029002s ]
INFO: [ view_parse ] --END-- [ RunTime:0.029002s ]
INFO: [ view_filter ] --START--
INFO: Run Behavior\WriteHtmlCacheBehavior [ RunTime:0.001000s ]
INFO: [ view_filter ] --END-- [ RunTime:0.001000s ]
INFO: [ app_end ] --START--
INFO: Run Behavior\ShowPageTraceBehavior [ RunTime:0.001000s ]
INFO: [ app_end ] --END-- [ RunTime:0.001000s ]

[ 2019-09-24T22:18:18+08:00 ] 127.0.0.1 /index.php/Home/Task/submission_task.html
INFO: [ app_init ] --START--
INFO: Run Behavior\BuildLiteBehavior [ RunTime:0.000000s ]
INFO: [ app_init ] --END-- [ RunTime:0.001000s ]
INFO: [ app_begin ] --START--
INFO: Run Behavior\ReadHtmlCacheBehavior [ RunTime:0.001001s ]
INFO: [ app_begin ] --END-- [ RunTime:0.001001s ]
NOTIC: [2048] Declaration of Home\Controller\TaskController::show() should be compatible with Think\Controller::show($content, $charset = '', $contentType = '', $prefix = '') D:\wwwroot\demo.52jscn.com\Application\Home\Controller\TaskController.class.php 第 6 行.
SQL: SHOW COLUMNS FROM `dt_task_apply` [ RunTime:0.0180s ]
SQL: SELECT COUNT(*) AS tp_count FROM dt_task_apply a WHERE a.member_id = '52774' AND a.status = 0 LIMIT 1   [ RunTime:0.0010s ]
NOTIC: [2048] Only variables should be passed by reference D:\wwwroot\demo.52jscn.com\ThinkPHP\Library\Think\Db\Driver.class.php 第 769 行.
SQL: SELECT a.*,b.title,b.task_require,b.video_url,b.tasklb,b.level,b.price,b.max_num,b.apply_num,b.max_num-b.apply_num as leftnum,b.level FROM dt_task_apply a left JOIN dt_task as b on a.task_id = b.id  WHERE a.member_id = '52774' AND a.status = 0 ORDER BY a.id desc LIMIT 0,10   [ RunTime:0.0000s ]
SQL: SHOW COLUMNS FROM `dt_level` [ RunTime:0.0110s ]
NOTIC: [2048] Only variables should be passed by reference D:\wwwroot\demo.52jscn.com\ThinkPHP\Library\Think\Db\Driver.class.php 第 769 行.
SQL: SELECT * FROM `dt_level` ORDER BY `id` asc  [ RunTime:0.0010s ]
INFO: [ view_parse ] --START--
INFO: [ template_filter ] --START--
INFO: Run Behavior\ContentReplaceBehavior [ RunTime:0.000000s ]
INFO: [ template_filter ] --END-- [ RunTime:0.001000s ]
INFO: Run Behavior\ParseTemplateBehavior [ RunTime:0.023002s ]
INFO: [ view_parse ] --END-- [ RunTime:0.023002s ]
INFO: [ view_filter ] --START--
INFO: Run Behavior\WriteHtmlCacheBehavior [ RunTime:0.001000s ]
INFO: [ view_filter ] --END-- [ RunTime:0.001000s ]
INFO: [ app_end ] --START--
INFO: Run Behavior\ShowPageTraceBehavior [ RunTime:0.001000s ]
INFO: [ app_end ] --END-- [ RunTime:0.001000s ]

[ 2019-09-24T22:18:19+08:00 ] 127.0.0.1 /index.php/Home/Member/vip.html
INFO: [ app_init ] --START--
INFO: Run Behavior\BuildLiteBehavior [ RunTime:0.000000s ]
INFO: [ app_init ] --END-- [ RunTime:0.000000s ]
INFO: [ app_begin ] --START--
INFO: Run Behavior\ReadHtmlCacheBehavior [ RunTime:0.001000s ]
INFO: [ app_begin ] --END-- [ RunTime:0.001000s ]
SQL: SHOW COLUMNS FROM `dt_member` [ RunTime:0.0190s ]
SQL: SELECT * FROM `dt_member` WHERE `id` = 52774 LIMIT 1   [ RunTime:0.0000s ]
SQL: SHOW COLUMNS FROM `dt_level` [ RunTime:0.0110s ]
NOTIC: [2048] Only variables should be passed by reference D:\wwwroot\demo.52jscn.com\ThinkPHP\Library\Think\Db\Driver.class.php 第 769 行.
SQL: SELECT * FROM `dt_level` ORDER BY `id` asc  [ RunTime:0.0000s ]
NOTIC: [2048] Only variables should be passed by reference D:\wwwroot\demo.52jscn.com\ThinkPHP\Library\Think\Db\Driver.class.php 第 769 行.
SQL: SELECT * FROM `dt_level` ORDER BY `id` asc  [ RunTime:0.0000s ]
INFO: [ view_parse ] --START--
INFO: [ template_filter ] --START--
INFO: Run Behavior\ContentReplaceBehavior [ RunTime:0.000000s ]
INFO: [ template_filter ] --END-- [ RunTime:0.000000s ]
INFO: Run Behavior\ParseTemplateBehavior [ RunTime:0.019001s ]
INFO: [ view_parse ] --END-- [ RunTime:0.019001s ]
INFO: [ view_filter ] --START--
INFO: Run Behavior\WriteHtmlCacheBehavior [ RunTime:0.001000s ]
INFO: [ view_filter ] --END-- [ RunTime:0.001000s ]
INFO: [ app_end ] --START--
INFO: Run Behavior\ShowPageTraceBehavior [ RunTime:0.001000s ]
INFO: [ app_end ] --END-- [ RunTime:0.001000s ]

[ 2019-09-24T22:18:20+08:00 ] 127.0.0.1 /index.php/Home/Index/index.html
INFO: [ app_init ] --START--
INFO: Run Behavior\BuildLiteBehavior [ RunTime:0.000000s ]
INFO: [ app_init ] --END-- [ RunTime:0.001000s ]
INFO: [ app_begin ] --START--
INFO: Run Behavior\ReadHtmlCacheBehavior [ RunTime:0.000000s ]
INFO: [ app_begin ] --END-- [ RunTime:0.001000s ]
SQL: SHOW COLUMNS FROM `dt_task` [ RunTime:0.0180s ]
NOTIC: [2048] Only variables should be passed by reference D:\wwwroot\demo.52jscn.com\ThinkPHP\Library\Think\Db\Driver.class.php 第 769 行.
SQL: SELECT `id`,`title`,`level`,`price`,`create_time`,`max_num`,`apply_num`,max_num-apply_num as leftnum,`tasklb`,`task_require`,`video_url`,`end_time` FROM `dt_task` WHERE `status` = 1 ORDER BY `id` desc LIMIT 800   [ RunTime:0.0010s ]
SQL: SHOW COLUMNS FROM `dt_level` [ RunTime:0.0120s ]
NOTIC: [2048] Only variables should be passed by reference D:\wwwroot\demo.52jscn.com\ThinkPHP\Library\Think\Db\Driver.class.php 第 769 行.
SQL: SELECT * FROM `dt_level` ORDER BY `id` asc  [ RunTime:0.0000s ]
SQL: SHOW COLUMNS FROM `dt_page` [ RunTime:0.0100s ]
NOTIC: [2048] Only variables should be passed by reference D:\wwwroot\demo.52jscn.com\ThinkPHP\Library\Think\Db\Driver.class.php 第 769 行.
SQL: SELECT `id`,`title`,`update_time` FROM `dt_page` WHERE `recommend` = 1 ORDER BY `update_time` asc LIMIT 3   [ RunTime:0.0000s ]
INFO: [ view_parse ] --START--
INFO: [ template_filter ] --START--
INFO: Run Behavior\ContentReplaceBehavior [ RunTime:0.001000s ]
INFO: [ template_filter ] --END-- [ RunTime:0.001000s ]
NOTIC: [8] Undefined variable: version D:\wwwroot\demo.52jscn.com\Runtime\Cache\Home\d678f280cf84122e981f201997603ea5.php 第 12 行.
INFO: Run Behavior\ParseTemplateBehavior [ RunTime:0.017001s ]
INFO: [ view_parse ] --END-- [ RunTime:0.017001s ]
INFO: [ view_filter ] --START--
INFO: Run Behavior\WriteHtmlCacheBehavior [ RunTime:0.001000s ]
INFO: [ view_filter ] --END-- [ RunTime:0.001000s ]
INFO: [ app_end ] --START--
INFO: Run Behavior\ShowPageTraceBehavior [ RunTime:0.001000s ]
INFO: [ app_end ] --END-- [ RunTime:0.001000s ]

[ 2019-09-24T22:18:21+08:00 ] 127.0.0.1 /index.php/Home/Task/get_task.html
INFO: [ app_init ] --START--
INFO: Run Behavior\BuildLiteBehavior [ RunTime:0.000000s ]
INFO: [ app_init ] --END-- [ RunTime:0.000000s ]
INFO: [ app_begin ] --START--
INFO: Run Behavior\ReadHtmlCacheBehavior [ RunTime:0.001000s ]
INFO: [ app_begin ] --END-- [ RunTime:0.001000s ]
NOTIC: [2048] Declaration of Home\Controller\TaskController::show() should be compatible with Think\Controller::show($content, $charset = '', $contentType = '', $prefix = '') D:\wwwroot\demo.52jscn.com\Application\Home\Controller\TaskController.class.php 第 6 行.
SQL: SHOW COLUMNS FROM `dt_member` [ RunTime:0.0190s ]
SQL: SELECT `level` FROM `dt_member` WHERE `id` = 52774 LIMIT 1   [ RunTime:0.0010s ]
SQL: SHOW COLUMNS FROM `dt_task` [ RunTime:0.0140s ]
SQL: SELECT `level`,`price`,`max_num`,`apply_num`,`end_time` FROM `dt_task` WHERE `id` = 394 LIMIT 1   [ RunTime:0.0010s ]
SQL: SHOW COLUMNS FROM `dt_level` [ RunTime:0.0100s ]
NOTIC: [2048] Only variables should be passed by reference D:\wwwroot\demo.52jscn.com\ThinkPHP\Library\Think\Db\Driver.class.php 第 769 行.
SQL: SELECT * FROM `dt_level` ORDER BY `id` asc  [ RunTime:0.0010s ]

[ 2019-09-24T22:18:23+08:00 ] 127.0.0.1 /index.php/Home/Task/submission_task.html
INFO: [ app_init ] --START--
INFO: Run Behavior\BuildLiteBehavior [ RunTime:0.000000s ]
INFO: [ app_init ] --END-- [ RunTime:0.001000s ]
INFO: [ app_begin ] --START--
INFO: Run Behavior\ReadHtmlCacheBehavior [ RunTime:0.001000s ]
INFO: [ app_begin ] --END-- [ RunTime:0.001000s ]
NOTIC: [2048] Declaration of Home\Controller\TaskController::show() should be compatible with Think\Controller::show($content, $charset = '', $contentType = '', $prefix = '') D:\wwwroot\demo.52jscn.com\Application\Home\Controller\TaskController.class.php 第 6 行.
SQL: SHOW COLUMNS FROM `dt_task_apply` [ RunTime:0.0180s ]
SQL: SELECT COUNT(*) AS tp_count FROM dt_task_apply a WHERE a.member_id = '52774' AND a.status = 0 LIMIT 1   [ RunTime:0.0000s ]
NOTIC: [2048] Only variables should be passed by reference D:\wwwroot\demo.52jscn.com\ThinkPHP\Library\Think\Db\Driver.class.php 第 769 行.
SQL: SELECT a.*,b.title,b.task_require,b.video_url,b.tasklb,b.level,b.price,b.max_num,b.apply_num,b.max_num-b.apply_num as leftnum,b.level FROM dt_task_apply a left JOIN dt_task as b on a.task_id = b.id  WHERE a.member_id = '52774' AND a.status = 0 ORDER BY a.id desc LIMIT 0,10   [ RunTime:0.0010s ]
SQL: SHOW COLUMNS FROM `dt_level` [ RunTime:0.0170s ]
NOTIC: [2048] Only variables should be passed by reference D:\wwwroot\demo.52jscn.com\ThinkPHP\Library\Think\Db\Driver.class.php 第 769 行.
SQL: SELECT * FROM `dt_level` ORDER BY `id` asc  [ RunTime:0.0000s ]
INFO: [ view_parse ] --START--
INFO: [ template_filter ] --START--
INFO: Run Behavior\ContentReplaceBehavior [ RunTime:0.001000s ]
INFO: [ template_filter ] --END-- [ RunTime:0.001000s ]
INFO: Run Behavior\ParseTemplateBehavior [ RunTime:0.029001s ]
INFO: [ view_parse ] --END-- [ RunTime:0.029001s ]
INFO: [ view_filter ] --START--
INFO: Run Behavior\WriteHtmlCacheBehavior [ RunTime:0.000000s ]
INFO: [ view_filter ] --END-- [ RunTime:0.001000s ]
INFO: [ app_end ] --START--
INFO: Run Behavior\ShowPageTraceBehavior [ RunTime:0.002000s ]
INFO: [ app_end ] --END-- [ RunTime:0.002000s ]

