[ 2019-09-23T10:18:17+08:00 ] ::1 /index.php
INFO: [ app_init ] --START--
INFO: Run Behavior\BuildLiteBehavior [ RunTime:0.000013s ]
INFO: [ app_init ] --END-- [ RunTime:0.000729s ]
INFO: [ app_begin ] --START--
INFO: Run Behavior\ReadHtmlCacheBehavior [ RunTime:0.000657s ]
INFO: [ app_begin ] --END-- [ RunTime:0.000706s ]

[ 2019-09-23T10:18:17+08:00 ] ::1 /index.php/Home/Public/login.html
INFO: [ app_init ] --START--
INFO: Run Behavior\BuildLiteBehavior [ RunTime:0.000009s ]
INFO: [ app_init ] --END-- [ RunTime:0.000391s ]
INFO: [ app_begin ] --START--
INFO: Run Behavior\ReadHtmlCacheBehavior [ RunTime:0.000602s ]
INFO: [ app_begin ] --END-- [ RunTime:0.000659s ]
INFO: [ view_parse ] --START--
INFO: [ template_filter ] --START--
INFO: Run Behavior\ContentReplaceBehavior [ RunTime:0.000050s ]
INFO: [ template_filter ] --END-- [ RunTime:0.000077s ]
INFO: Run Behavior\ParseTemplateBehavior [ RunTime:0.007131s ]
INFO: [ view_parse ] --END-- [ RunTime:0.007169s ]
INFO: [ view_filter ] --START--
INFO: Run Behavior\WriteHtmlCacheBehavior [ RunTime:0.000262s ]
INFO: [ view_filter ] --END-- [ RunTime:0.000280s ]
INFO: [ app_end ] --START--
INFO: Run Behavior\ShowPageTraceBehavior [ RunTime:0.000451s ]
INFO: [ app_end ] --END-- [ RunTime:0.000487s ]

[ 2019-09-23T10:21:37+08:00 ] ::1 /index.php/Home/Public/login.html
INFO: [ app_init ] --START--
INFO: Run Behavior\BuildLiteBehavior [ RunTime:0.000007s ]
INFO: [ app_init ] --END-- [ RunTime:0.000282s ]
INFO: [ app_begin ] --START--
INFO: Run Behavior\ReadHtmlCacheBehavior [ RunTime:0.000537s ]
INFO: [ app_begin ] --END-- [ RunTime:0.000591s ]
INFO: [ view_parse ] --START--
INFO: [ template_filter ] --START--
INFO: Run Behavior\ContentReplaceBehavior [ RunTime:0.000050s ]
INFO: [ template_filter ] --END-- [ RunTime:0.000077s ]
INFO: Run Behavior\ParseTemplateBehavior [ RunTime:0.005027s ]
INFO: [ view_parse ] --END-- [ RunTime:0.005052s ]
INFO: [ view_filter ] --START--
INFO: Run Behavior\WriteHtmlCacheBehavior [ RunTime:0.000191s ]
INFO: [ view_filter ] --END-- [ RunTime:0.000207s ]
INFO: [ app_end ] --START--
INFO: Run Behavior\ShowPageTraceBehavior [ RunTime:0.000307s ]
INFO: [ app_end ] --END-- [ RunTime:0.000324s ]

[ 2019-09-23T10:26:15+08:00 ] ::1 /index.php/Home/Public/login.html
INFO: [ app_init ] --START--
INFO: Run Behavior\BuildLiteBehavior [ RunTime:0.000005s ]
INFO: [ app_init ] --END-- [ RunTime:0.000222s ]
INFO: [ app_begin ] --START--
INFO: Run Behavior\ReadHtmlCacheBehavior [ RunTime:0.000297s ]
INFO: [ app_begin ] --END-- [ RunTime:0.000323s ]
SQL: SHOW COLUMNS FROM `dt_member` [ RunTime:0.0026s ]
SQL: SELECT * FROM `dt_member` WHERE `username` = '15111111111' AND `password` = 'd7a31ea0e38dc781ad32a5a94d6b48cc' LIMIT 1   [ RunTime:0.0003s ]
SQL: SELECT `last_login_time` FROM `dt_member` WHERE `id` = 52772 LIMIT 1569205575   [ RunTime:0.0002s ]

[ 2019-09-23T10:26:17+08:00 ] ::1 /index.php/Home/Index/index.html
INFO: [ app_init ] --START--
INFO: Run Behavior\BuildLiteBehavior [ RunTime:0.000009s ]
INFO: [ app_init ] --END-- [ RunTime:0.000348s ]
INFO: [ app_begin ] --START--
INFO: Run Behavior\ReadHtmlCacheBehavior [ RunTime:0.000581s ]
INFO: [ app_begin ] --END-- [ RunTime:0.000629s ]
SQL: SHOW COLUMNS FROM `dt_task` [ RunTime:0.0030s ]
NOTIC: [8] Only variables should be passed by reference E:\PhpStudy20180211\phpStudySetup\PHPTutorial\WWW\ThinkPHP\Library\Think\Db\Driver.class.php 第 769 行.
SQL: SELECT `id`,`title`,`level`,`price`,`create_time`,`max_num`,`apply_num`,max_num-apply_num as leftnum,`tasklb`,`task_require`,`video_url`,`end_time` FROM `dt_task` WHERE `status` = 1 ORDER BY `id` desc LIMIT 800   [ RunTime:0.0013s ]
SQL: SHOW COLUMNS FROM `dt_level` [ RunTime:0.0025s ]
NOTIC: [8] Only variables should be passed by reference E:\PhpStudy20180211\phpStudySetup\PHPTutorial\WWW\ThinkPHP\Library\Think\Db\Driver.class.php 第 769 行.
SQL: SELECT * FROM `dt_level` ORDER BY `id` asc  [ RunTime:0.0004s ]
SQL: SHOW COLUMNS FROM `dt_page` [ RunTime:0.0030s ]
NOTIC: [8] Only variables should be passed by reference E:\PhpStudy20180211\phpStudySetup\PHPTutorial\WWW\ThinkPHP\Library\Think\Db\Driver.class.php 第 769 行.
SQL: SELECT `id`,`title`,`update_time` FROM `dt_page` WHERE `recommend` = 1 ORDER BY `update_time` asc LIMIT 3   [ RunTime:0.0003s ]
INFO: [ view_parse ] --START--
INFO: [ template_filter ] --START--
INFO: Run Behavior\ContentReplaceBehavior [ RunTime:0.000090s ]
INFO: [ template_filter ] --END-- [ RunTime:0.000113s ]
NOTIC: [8] Undefined variable: version E:\PhpStudy20180211\phpStudySetup\PHPTutorial\WWW\Runtime\Cache\Home\d678f280cf84122e981f201997603ea5.php 第 12 行.
INFO: Run Behavior\ParseTemplateBehavior [ RunTime:0.006991s ]
INFO: [ view_parse ] --END-- [ RunTime:0.007019s ]
INFO: [ view_filter ] --START--
INFO: Run Behavior\WriteHtmlCacheBehavior [ RunTime:0.000177s ]
INFO: [ view_filter ] --END-- [ RunTime:0.000192s ]
INFO: [ app_end ] --START--
INFO: Run Behavior\ShowPageTraceBehavior [ RunTime:0.000581s ]
INFO: [ app_end ] --END-- [ RunTime:0.000631s ]

[ 2019-09-23T10:26:24+08:00 ] ::1 /index.php/Home/Task/submission_task.html
INFO: [ app_init ] --START--
INFO: Run Behavior\BuildLiteBehavior [ RunTime:0.000006s ]
INFO: [ app_init ] --END-- [ RunTime:0.000182s ]
INFO: [ app_begin ] --START--
INFO: Run Behavior\ReadHtmlCacheBehavior [ RunTime:0.000231s ]
INFO: [ app_begin ] --END-- [ RunTime:0.000252s ]
NOTIC: [2] Declaration of Home\Controller\TaskController::show() should be compatible with Think\Controller::show($content, $charset = '', $contentType = '', $prefix = '') E:\PhpStudy20180211\phpStudySetup\PHPTutorial\WWW\Application\Home\Controller\TaskController.class.php 第 6 行.
SQL: SHOW COLUMNS FROM `dt_task_apply` [ RunTime:0.0028s ]
SQL: SELECT COUNT(*) AS tp_count FROM dt_task_apply a WHERE a.member_id = '52772' AND a.status = 0 LIMIT 1   [ RunTime:0.0002s ]
NOTIC: [8] Only variables should be passed by reference E:\PhpStudy20180211\phpStudySetup\PHPTutorial\WWW\ThinkPHP\Library\Think\Db\Driver.class.php 第 769 行.
SQL: SELECT a.*,b.title,b.task_require,b.video_url,b.tasklb,b.level,b.price,b.max_num,b.apply_num,b.max_num-b.apply_num as leftnum,b.level FROM dt_task_apply a left JOIN dt_task as b on a.task_id = b.id  WHERE a.member_id = '52772' AND a.status = 0 ORDER BY a.id desc LIMIT 0,10   [ RunTime:0.0003s ]
SQL: SHOW COLUMNS FROM `dt_level` [ RunTime:0.0021s ]
NOTIC: [8] Only variables should be passed by reference E:\PhpStudy20180211\phpStudySetup\PHPTutorial\WWW\ThinkPHP\Library\Think\Db\Driver.class.php 第 769 行.
SQL: SELECT * FROM `dt_level` ORDER BY `id` asc  [ RunTime:0.0002s ]
INFO: [ view_parse ] --START--
INFO: [ template_filter ] --START--
INFO: Run Behavior\ContentReplaceBehavior [ RunTime:0.000065s ]
INFO: [ template_filter ] --END-- [ RunTime:0.000092s ]
INFO: Run Behavior\ParseTemplateBehavior [ RunTime:0.006366s ]
INFO: [ view_parse ] --END-- [ RunTime:0.006394s ]
INFO: [ view_filter ] --START--
INFO: Run Behavior\WriteHtmlCacheBehavior [ RunTime:0.000185s ]
INFO: [ view_filter ] --END-- [ RunTime:0.000201s ]
INFO: [ app_end ] --START--
INFO: Run Behavior\ShowPageTraceBehavior [ RunTime:0.000253s ]
INFO: [ app_end ] --END-- [ RunTime:0.000269s ]

[ 2019-09-23T10:26:27+08:00 ] ::1 /index.php/Home/Member/vip.html
INFO: [ app_init ] --START--
INFO: Run Behavior\BuildLiteBehavior [ RunTime:0.000006s ]
INFO: [ app_init ] --END-- [ RunTime:0.000205s ]
INFO: [ app_begin ] --START--
INFO: Run Behavior\ReadHtmlCacheBehavior [ RunTime:0.000262s ]
INFO: [ app_begin ] --END-- [ RunTime:0.000287s ]
SQL: SHOW COLUMNS FROM `dt_member` [ RunTime:0.0026s ]
SQL: SELECT * FROM `dt_member` WHERE `id` = 52772 LIMIT 1   [ RunTime:0.0003s ]
SQL: SHOW COLUMNS FROM `dt_level` [ RunTime:0.0025s ]
NOTIC: [8] Only variables should be passed by reference E:\PhpStudy20180211\phpStudySetup\PHPTutorial\WWW\ThinkPHP\Library\Think\Db\Driver.class.php 第 769 行.
SQL: SELECT * FROM `dt_level` ORDER BY `id` asc  [ RunTime:0.0002s ]
NOTIC: [8] Only variables should be passed by reference E:\PhpStudy20180211\phpStudySetup\PHPTutorial\WWW\ThinkPHP\Library\Think\Db\Driver.class.php 第 769 行.
SQL: SELECT * FROM `dt_level` ORDER BY `id` asc  [ RunTime:0.0002s ]
INFO: [ view_parse ] --START--
INFO: [ template_filter ] --START--
INFO: Run Behavior\ContentReplaceBehavior [ RunTime:0.000069s ]
INFO: [ template_filter ] --END-- [ RunTime:0.000093s ]
INFO: Run Behavior\ParseTemplateBehavior [ RunTime:0.005262s ]
INFO: [ view_parse ] --END-- [ RunTime:0.005308s ]
INFO: [ view_filter ] --START--
INFO: Run Behavior\WriteHtmlCacheBehavior [ RunTime:0.000141s ]
INFO: [ view_filter ] --END-- [ RunTime:0.000155s ]
INFO: [ app_end ] --START--
INFO: Run Behavior\ShowPageTraceBehavior [ RunTime:0.000252s ]
INFO: [ app_end ] --END-- [ RunTime:0.000268s ]

[ 2019-09-23T10:26:29+08:00 ] ::1 /index.php/Home/Member/index.html
INFO: [ app_init ] --START--
INFO: Run Behavior\BuildLiteBehavior [ RunTime:0.000009s ]
INFO: [ app_init ] --END-- [ RunTime:0.000296s ]
INFO: [ app_begin ] --START--
INFO: Run Behavior\ReadHtmlCacheBehavior [ RunTime:0.000268s ]
INFO: [ app_begin ] --END-- [ RunTime:0.000292s ]
SQL: SHOW COLUMNS FROM `dt_member` [ RunTime:0.0024s ]
SQL: SELECT * FROM `dt_member` WHERE `id` = 52772 LIMIT 1   [ RunTime:0.0003s ]
SQL: SHOW COLUMNS FROM `dt_level` [ RunTime:0.0020s ]
SQL: SELECT * FROM `dt_level` WHERE `level` = 0 LIMIT 1   [ RunTime:0.0002s ]
NOTIC: [8] Only variables should be passed by reference E:\PhpStudy20180211\phpStudySetup\PHPTutorial\WWW\ThinkPHP\Library\Think\Db\Driver.class.php 第 769 行.
SQL: SELECT * FROM `dt_level` ORDER BY `id` asc  [ RunTime:0.0002s ]
SQL: SHOW COLUMNS FROM `dt_sale_list` [ RunTime:0.0020s ]
SQL: SELECT SUM(price) AS tp_sum FROM `dt_sale_list` WHERE ( member_id=52772 and TO_DAYS(from_unixtime(create_time)) = TO_DAYS(now()) ) LIMIT 1   [ RunTime:0.0002s ]
SQL: SELECT SUM(price) AS tp_sum FROM `dt_sale_list` WHERE ( member_id=52772 and DATE_FORMAT(from_unixtime(create_time),'%Y%m') = DATE_FORMAT(CURDATE(),'%Y%m') ) LIMIT 1   [ RunTime:0.0002s ]
SQL: SELECT SUM(price) AS tp_sum FROM `dt_sale_list` WHERE ( member_id=52772 ) LIMIT 1   [ RunTime:0.0001s ]
SQL: SELECT COUNT(*) AS tp_count FROM `dt_member` WHERE (  (p1=52772 or p2=52772 or p3=52772) and (TO_DAYS(from_unixtime(create_time)) = TO_DAYS(now()))  ) LIMIT 1   [ RunTime:0.0002s ]
SQL: SELECT COUNT(*) AS tp_count FROM `dt_member` WHERE (  (p1=52772 or p2=52772 or p3=52772) and (DATE_FORMAT(from_unixtime(create_time),'%Y%m') = DATE_FORMAT(CURDATE(),'%Y%m')) ) LIMIT 1   [ RunTime:0.0002s ]
SQL: SELECT COUNT(*) AS tp_count FROM `dt_member` WHERE ( p1=52772 or p2=52772 or p3=52772 ) LIMIT 1   [ RunTime:0.0002s ]
SQL: SHOW COLUMNS FROM `dt_notice` [ RunTime:0.0025s ]
SQL: SELECT COUNT(*) AS tp_count FROM `dt_notice` WHERE ( (( member_id = 52772 ) or ( (is_system = 1 and role_type = 0) or ( is_system = 1 and role_type = 1 ) ) ) and create_time > 0  ) LIMIT 1   [ RunTime:0.0003s ]
SQL: SHOW COLUMNS FROM `dt_task_apply` [ RunTime:0.0024s ]
NOTIC: [8] Only variables should be passed by reference E:\PhpStudy20180211\phpStudySetup\PHPTutorial\WWW\ThinkPHP\Library\Think\Db\Driver.class.php 第 769 行.
SQL: SELECT a.*,b.title FROM dt_task_apply a left JOIN dt_task as b on a.task_id = b.id  WHERE ( a.member_id =52772 and a.create_time > 1569168000 and a.create_time < 1569254399 ) ORDER BY a.id desc  [ RunTime:0.0002s ]
INFO: [ view_parse ] --START--
INFO: [ template_filter ] --START--
INFO: Run Behavior\ContentReplaceBehavior [ RunTime:0.000067s ]
INFO: [ template_filter ] --END-- [ RunTime:0.000089s ]
INFO: Run Behavior\ParseTemplateBehavior [ RunTime:0.013253s ]
INFO: [ view_parse ] --END-- [ RunTime:0.013273s ]
INFO: [ view_filter ] --START--
INFO: Run Behavior\WriteHtmlCacheBehavior [ RunTime:0.000235s ]
INFO: [ view_filter ] --END-- [ RunTime:0.000259s ]
INFO: [ app_end ] --START--
INFO: Run Behavior\ShowPageTraceBehavior [ RunTime:0.000486s ]
INFO: [ app_end ] --END-- [ RunTime:0.000523s ]

[ 2019-09-23T10:26:32+08:00 ] ::1 /index.php/Home/Index/index.html
INFO: [ app_init ] --START--
INFO: Run Behavior\BuildLiteBehavior [ RunTime:0.000006s ]
INFO: [ app_init ] --END-- [ RunTime:0.000189s ]
INFO: [ app_begin ] --START--
INFO: Run Behavior\ReadHtmlCacheBehavior [ RunTime:0.000238s ]
INFO: [ app_begin ] --END-- [ RunTime:0.000257s ]
SQL: SHOW COLUMNS FROM `dt_task` [ RunTime:0.0028s ]
NOTIC: [8] Only variables should be passed by reference E:\PhpStudy20180211\phpStudySetup\PHPTutorial\WWW\ThinkPHP\Library\Think\Db\Driver.class.php 第 769 行.
SQL: SELECT `id`,`title`,`level`,`price`,`create_time`,`max_num`,`apply_num`,max_num-apply_num as leftnum,`tasklb`,`task_require`,`video_url`,`end_time` FROM `dt_task` WHERE `status` = 1 ORDER BY `id` desc LIMIT 800   [ RunTime:0.0006s ]
SQL: SHOW COLUMNS FROM `dt_level` [ RunTime:0.0021s ]
NOTIC: [8] Only variables should be passed by reference E:\PhpStudy20180211\phpStudySetup\PHPTutorial\WWW\ThinkPHP\Library\Think\Db\Driver.class.php 第 769 行.
SQL: SELECT * FROM `dt_level` ORDER BY `id` asc  [ RunTime:0.0002s ]
SQL: SHOW COLUMNS FROM `dt_page` [ RunTime:0.0021s ]
NOTIC: [8] Only variables should be passed by reference E:\PhpStudy20180211\phpStudySetup\PHPTutorial\WWW\ThinkPHP\Library\Think\Db\Driver.class.php 第 769 行.
SQL: SELECT `id`,`title`,`update_time` FROM `dt_page` WHERE `recommend` = 1 ORDER BY `update_time` asc LIMIT 3   [ RunTime:0.0002s ]
INFO: [ view_parse ] --START--
INFO: [ template_filter ] --START--
INFO: Run Behavior\ContentReplaceBehavior [ RunTime:0.000089s ]
INFO: [ template_filter ] --END-- [ RunTime:0.000114s ]
NOTIC: [8] Undefined variable: version E:\PhpStudy20180211\phpStudySetup\PHPTutorial\WWW\Runtime\Cache\Home\d678f280cf84122e981f201997603ea5.php 第 12 行.
INFO: Run Behavior\ParseTemplateBehavior [ RunTime:0.005706s ]
INFO: [ view_parse ] --END-- [ RunTime:0.005727s ]
INFO: [ view_filter ] --START--
INFO: Run Behavior\WriteHtmlCacheBehavior [ RunTime:0.000142s ]
INFO: [ view_filter ] --END-- [ RunTime:0.000157s ]
INFO: [ app_end ] --START--
INFO: Run Behavior\ShowPageTraceBehavior [ RunTime:0.000518s ]
INFO: [ app_end ] --END-- [ RunTime:0.000561s ]

[ 2019-09-23T10:26:34+08:00 ] ::1 /index.php/Home/Page/index
INFO: [ app_init ] --START--
INFO: Run Behavior\BuildLiteBehavior [ RunTime:0.000009s ]
INFO: [ app_init ] --END-- [ RunTime:0.007170s ]
INFO: [ app_begin ] --START--
INFO: Run Behavior\ReadHtmlCacheBehavior [ RunTime:0.000253s ]
INFO: [ app_begin ] --END-- [ RunTime:0.000274s ]
NOTIC: [2] Declaration of Home\Controller\PageController::show() should be compatible with Think\Controller::show($content, $charset = '', $contentType = '', $prefix = '') E:\PhpStudy20180211\phpStudySetup\PHPTutorial\WWW\Application\Home\Controller\PageController.class.php 第 6 行.
SQL: SHOW COLUMNS FROM `dt_page` [ RunTime:0.0023s ]
NOTIC: [8] Only variables should be passed by reference E:\PhpStudy20180211\phpStudySetup\PHPTutorial\WWW\ThinkPHP\Library\Think\Db\Driver.class.php 第 769 行.
NOTIC: [8] Only variables should be passed by reference E:\PhpStudy20180211\phpStudySetup\PHPTutorial\WWW\ThinkPHP\Library\Think\Db\Driver.class.php 第 769 行.
SQL: SELECT `id`,`title`,`create_time` FROM `dt_page` ORDER BY `sort` asc,`id` asc  [ RunTime:0.0002s ]
INFO: [ view_parse ] --START--
INFO: [ template_filter ] --START--
INFO: Run Behavior\ContentReplaceBehavior [ RunTime:0.000041s ]
INFO: [ template_filter ] --END-- [ RunTime:0.000063s ]
INFO: Run Behavior\ParseTemplateBehavior [ RunTime:0.004123s ]
INFO: [ view_parse ] --END-- [ RunTime:0.004148s ]
INFO: [ view_filter ] --START--
INFO: Run Behavior\WriteHtmlCacheBehavior [ RunTime:0.000144s ]
INFO: [ view_filter ] --END-- [ RunTime:0.000160s ]
INFO: [ app_end ] --START--
INFO: Run Behavior\ShowPageTraceBehavior [ RunTime:0.000251s ]
INFO: [ app_end ] --END-- [ RunTime:0.000267s ]

[ 2019-09-23T10:26:37+08:00 ] ::1 /index.php/Home/Page/show/id/17.html
INFO: [ app_init ] --START--
INFO: Run Behavior\BuildLiteBehavior [ RunTime:0.000006s ]
INFO: [ app_init ] --END-- [ RunTime:0.000223s ]
INFO: [ app_begin ] --START--
INFO: Run Behavior\ReadHtmlCacheBehavior [ RunTime:0.000238s ]
INFO: [ app_begin ] --END-- [ RunTime:0.000262s ]
NOTIC: [2] Declaration of Home\Controller\PageController::show() should be compatible with Think\Controller::show($content, $charset = '', $contentType = '', $prefix = '') E:\PhpStudy20180211\phpStudySetup\PHPTutorial\WWW\Application\Home\Controller\PageController.class.php 第 6 行.
SQL: SHOW COLUMNS FROM `dt_page` [ RunTime:0.0023s ]
SQL: SELECT * FROM `dt_page` WHERE `id` = 17 LIMIT 1   [ RunTime:0.0002s ]
INFO: [ view_parse ] --START--
INFO: [ template_filter ] --START--
INFO: Run Behavior\ContentReplaceBehavior [ RunTime:0.000053s ]
INFO: [ template_filter ] --END-- [ RunTime:0.000092s ]
INFO: Run Behavior\ParseTemplateBehavior [ RunTime:0.004070s ]
INFO: [ view_parse ] --END-- [ RunTime:0.004098s ]
INFO: [ view_filter ] --START--
INFO: Run Behavior\WriteHtmlCacheBehavior [ RunTime:0.000138s ]
INFO: [ view_filter ] --END-- [ RunTime:0.000154s ]
INFO: [ app_end ] --START--
INFO: Run Behavior\ShowPageTraceBehavior [ RunTime:0.000255s ]
INFO: [ app_end ] --END-- [ RunTime:0.000270s ]

[ 2019-09-23T10:26:40+08:00 ] ::1 /index.php/Home/Page/show/id/18.html
INFO: [ app_init ] --START--
INFO: Run Behavior\BuildLiteBehavior [ RunTime:0.000006s ]
INFO: [ app_init ] --END-- [ RunTime:0.000191s ]
INFO: [ app_begin ] --START--
INFO: Run Behavior\ReadHtmlCacheBehavior [ RunTime:0.000386s ]
INFO: [ app_begin ] --END-- [ RunTime:0.000429s ]
NOTIC: [2] Declaration of Home\Controller\PageController::show() should be compatible with Think\Controller::show($content, $charset = '', $contentType = '', $prefix = '') E:\PhpStudy20180211\phpStudySetup\PHPTutorial\WWW\Application\Home\Controller\PageController.class.php 第 6 行.
SQL: SHOW COLUMNS FROM `dt_page` [ RunTime:0.0026s ]
SQL: SELECT * FROM `dt_page` WHERE `id` = 18 LIMIT 1   [ RunTime:0.0002s ]
INFO: [ view_parse ] --START--
INFO: [ template_filter ] --START--
INFO: Run Behavior\ContentReplaceBehavior [ RunTime:0.000038s ]
INFO: [ template_filter ] --END-- [ RunTime:0.000059s ]
INFO: Run Behavior\ParseTemplateBehavior [ RunTime:0.003365s ]
INFO: [ view_parse ] --END-- [ RunTime:0.003387s ]
INFO: [ view_filter ] --START--
INFO: Run Behavior\WriteHtmlCacheBehavior [ RunTime:0.000122s ]
INFO: [ view_filter ] --END-- [ RunTime:0.000136s ]
INFO: [ app_end ] --START--
INFO: Run Behavior\ShowPageTraceBehavior [ RunTime:0.000242s ]
INFO: [ app_end ] --END-- [ RunTime:0.000258s ]

[ 2019-09-23T10:26:42+08:00 ] ::1 /index.php/Home/Page/show/id/20.html
INFO: [ app_init ] --START--
INFO: Run Behavior\BuildLiteBehavior [ RunTime:0.000008s ]
INFO: [ app_init ] --END-- [ RunTime:0.000268s ]
INFO: [ app_begin ] --START--
INFO: Run Behavior\ReadHtmlCacheBehavior [ RunTime:0.000344s ]
INFO: [ app_begin ] --END-- [ RunTime:0.000375s ]
NOTIC: [2] Declaration of Home\Controller\PageController::show() should be compatible with Think\Controller::show($content, $charset = '', $contentType = '', $prefix = '') E:\PhpStudy20180211\phpStudySetup\PHPTutorial\WWW\Application\Home\Controller\PageController.class.php 第 6 行.
SQL: SHOW COLUMNS FROM `dt_page` [ RunTime:0.0023s ]
SQL: SELECT * FROM `dt_page` WHERE `id` = 20 LIMIT 1   [ RunTime:0.0002s ]
INFO: [ view_parse ] --START--
INFO: [ template_filter ] --START--
INFO: Run Behavior\ContentReplaceBehavior [ RunTime:0.000039s ]
INFO: [ template_filter ] --END-- [ RunTime:0.000063s ]
INFO: Run Behavior\ParseTemplateBehavior [ RunTime:0.003751s ]
INFO: [ view_parse ] --END-- [ RunTime:0.003774s ]
INFO: [ view_filter ] --START--
INFO: Run Behavior\WriteHtmlCacheBehavior [ RunTime:0.000124s ]
INFO: [ view_filter ] --END-- [ RunTime:0.000139s ]
INFO: [ app_end ] --START--
INFO: Run Behavior\ShowPageTraceBehavior [ RunTime:0.000247s ]
INFO: [ app_end ] --END-- [ RunTime:0.000263s ]

[ 2019-09-23T10:26:44+08:00 ] ::1 /index.php/Home/Page/show/id/22.html
INFO: [ app_init ] --START--
INFO: Run Behavior\BuildLiteBehavior [ RunTime:0.000006s ]
INFO: [ app_init ] --END-- [ RunTime:0.000182s ]
INFO: [ app_begin ] --START--
INFO: Run Behavior\ReadHtmlCacheBehavior [ RunTime:0.000230s ]
INFO: [ app_begin ] --END-- [ RunTime:0.000250s ]
NOTIC: [2] Declaration of Home\Controller\PageController::show() should be compatible with Think\Controller::show($content, $charset = '', $contentType = '', $prefix = '') E:\PhpStudy20180211\phpStudySetup\PHPTutorial\WWW\Application\Home\Controller\PageController.class.php 第 6 行.
SQL: SHOW COLUMNS FROM `dt_page` [ RunTime:0.0027s ]
SQL: SELECT * FROM `dt_page` WHERE `id` = 22 LIMIT 1   [ RunTime:0.0003s ]
INFO: [ view_parse ] --START--
INFO: [ template_filter ] --START--
INFO: Run Behavior\ContentReplaceBehavior [ RunTime:0.000038s ]
INFO: [ template_filter ] --END-- [ RunTime:0.000059s ]
INFO: Run Behavior\ParseTemplateBehavior [ RunTime:0.003523s ]
INFO: [ view_parse ] --END-- [ RunTime:0.003545s ]
INFO: [ view_filter ] --START--
INFO: Run Behavior\WriteHtmlCacheBehavior [ RunTime:0.000124s ]
INFO: [ view_filter ] --END-- [ RunTime:0.000139s ]
INFO: [ app_end ] --START--
INFO: Run Behavior\ShowPageTraceBehavior [ RunTime:0.000246s ]
INFO: [ app_end ] --END-- [ RunTime:0.000261s ]

[ 2019-09-23T10:39:27+08:00 ] ::1 /index.php/Home/Task/submission_task.html
INFO: [ app_init ] --START--
INFO: Run Behavior\BuildLiteBehavior [ RunTime:0.000007s ]
INFO: [ app_init ] --END-- [ RunTime:0.000233s ]
INFO: [ app_begin ] --START--
INFO: Run Behavior\ReadHtmlCacheBehavior [ RunTime:0.000293s ]
INFO: [ app_begin ] --END-- [ RunTime:0.000316s ]
NOTIC: [2] Declaration of Home\Controller\TaskController::show() should be compatible with Think\Controller::show($content, $charset = '', $contentType = '', $prefix = '') E:\PhpStudy20180211\phpStudySetup\PHPTutorial\WWW\Application\Home\Controller\TaskController.class.php 第 6 行.
SQL: SHOW COLUMNS FROM `dt_task_apply` [ RunTime:0.0028s ]
SQL: SELECT COUNT(*) AS tp_count FROM dt_task_apply a WHERE a.member_id = '52772' AND a.status = 0 LIMIT 1   [ RunTime:0.0002s ]
NOTIC: [8] Only variables should be passed by reference E:\PhpStudy20180211\phpStudySetup\PHPTutorial\WWW\ThinkPHP\Library\Think\Db\Driver.class.php 第 769 行.
SQL: SELECT a.*,b.title,b.task_require,b.video_url,b.tasklb,b.level,b.price,b.max_num,b.apply_num,b.max_num-b.apply_num as leftnum,b.level FROM dt_task_apply a left JOIN dt_task as b on a.task_id = b.id  WHERE a.member_id = '52772' AND a.status = 0 ORDER BY a.id desc LIMIT 0,10   [ RunTime:0.0003s ]
SQL: SHOW COLUMNS FROM `dt_level` [ RunTime:0.0020s ]
NOTIC: [8] Only variables should be passed by reference E:\PhpStudy20180211\phpStudySetup\PHPTutorial\WWW\ThinkPHP\Library\Think\Db\Driver.class.php 第 769 行.
SQL: SELECT * FROM `dt_level` ORDER BY `id` asc  [ RunTime:0.0002s ]
INFO: [ view_parse ] --START--
INFO: [ template_filter ] --START--
INFO: Run Behavior\ContentReplaceBehavior [ RunTime:0.000074s ]
INFO: [ template_filter ] --END-- [ RunTime:0.000099s ]
INFO: Run Behavior\ParseTemplateBehavior [ RunTime:0.023502s ]
INFO: [ view_parse ] --END-- [ RunTime:0.023526s ]
INFO: [ view_filter ] --START--
INFO: Run Behavior\WriteHtmlCacheBehavior [ RunTime:0.000218s ]
INFO: [ view_filter ] --END-- [ RunTime:0.000232s ]
INFO: [ app_end ] --START--
INFO: Run Behavior\ShowPageTraceBehavior [ RunTime:0.000312s ]
INFO: [ app_end ] --END-- [ RunTime:0.000327s ]

[ 2019-09-23T10:39:29+08:00 ] ::1 /index.php/Home/Member/vip.html
INFO: [ app_init ] --START--
INFO: Run Behavior\BuildLiteBehavior [ RunTime:0.000012s ]
INFO: [ app_init ] --END-- [ RunTime:0.004343s ]
INFO: [ app_begin ] --START--
INFO: Run Behavior\ReadHtmlCacheBehavior [ RunTime:0.000261s ]
INFO: [ app_begin ] --END-- [ RunTime:0.000281s ]
SQL: SHOW COLUMNS FROM `dt_member` [ RunTime:0.0027s ]
SQL: SELECT * FROM `dt_member` WHERE `id` = 52772 LIMIT 1   [ RunTime:0.0003s ]
SQL: SHOW COLUMNS FROM `dt_level` [ RunTime:0.0021s ]
NOTIC: [8] Only variables should be passed by reference E:\PhpStudy20180211\phpStudySetup\PHPTutorial\WWW\ThinkPHP\Library\Think\Db\Driver.class.php 第 769 行.
SQL: SELECT * FROM `dt_level` ORDER BY `id` asc  [ RunTime:0.0002s ]
NOTIC: [8] Only variables should be passed by reference E:\PhpStudy20180211\phpStudySetup\PHPTutorial\WWW\ThinkPHP\Library\Think\Db\Driver.class.php 第 769 行.
SQL: SELECT * FROM `dt_level` ORDER BY `id` asc  [ RunTime:0.0003s ]
INFO: [ view_parse ] --START--
INFO: [ template_filter ] --START--
INFO: Run Behavior\ContentReplaceBehavior [ RunTime:0.000068s ]
INFO: [ template_filter ] --END-- [ RunTime:0.000091s ]
INFO: Run Behavior\ParseTemplateBehavior [ RunTime:0.004820s ]
INFO: [ view_parse ] --END-- [ RunTime:0.004850s ]
INFO: [ view_filter ] --START--
INFO: Run Behavior\WriteHtmlCacheBehavior [ RunTime:0.000184s ]
INFO: [ view_filter ] --END-- [ RunTime:0.000200s ]
INFO: [ app_end ] --START--
INFO: Run Behavior\ShowPageTraceBehavior [ RunTime:0.000303s ]
INFO: [ app_end ] --END-- [ RunTime:0.000319s ]

[ 2019-09-23T10:39:30+08:00 ] ::1 /index.php/Home/Index/index.html
INFO: [ app_init ] --START--
INFO: Run Behavior\BuildLiteBehavior [ RunTime:0.000009s ]
INFO: [ app_init ] --END-- [ RunTime:0.000332s ]
INFO: [ app_begin ] --START--
INFO: Run Behavior\ReadHtmlCacheBehavior [ RunTime:0.000269s ]
INFO: [ app_begin ] --END-- [ RunTime:0.000293s ]
SQL: SHOW COLUMNS FROM `dt_task` [ RunTime:0.0026s ]
NOTIC: [8] Only variables should be passed by reference E:\PhpStudy20180211\phpStudySetup\PHPTutorial\WWW\ThinkPHP\Library\Think\Db\Driver.class.php 第 769 行.
SQL: SELECT `id`,`title`,`level`,`price`,`create_time`,`max_num`,`apply_num`,max_num-apply_num as leftnum,`tasklb`,`task_require`,`video_url`,`end_time` FROM `dt_task` WHERE `status` = 1 ORDER BY `id` desc LIMIT 800   [ RunTime:0.0006s ]
SQL: SHOW COLUMNS FROM `dt_level` [ RunTime:0.0020s ]
NOTIC: [8] Only variables should be passed by reference E:\PhpStudy20180211\phpStudySetup\PHPTutorial\WWW\ThinkPHP\Library\Think\Db\Driver.class.php 第 769 行.
SQL: SELECT * FROM `dt_level` ORDER BY `id` asc  [ RunTime:0.0002s ]
SQL: SHOW COLUMNS FROM `dt_page` [ RunTime:0.0025s ]
NOTIC: [8] Only variables should be passed by reference E:\PhpStudy20180211\phpStudySetup\PHPTutorial\WWW\ThinkPHP\Library\Think\Db\Driver.class.php 第 769 行.
SQL: SELECT `id`,`title`,`update_time` FROM `dt_page` WHERE `recommend` = 1 ORDER BY `update_time` asc LIMIT 3   [ RunTime:0.0002s ]
INFO: [ view_parse ] --START--
INFO: [ template_filter ] --START--
INFO: Run Behavior\ContentReplaceBehavior [ RunTime:0.000090s ]
INFO: [ template_filter ] --END-- [ RunTime:0.000113s ]
NOTIC: [8] Undefined variable: version E:\PhpStudy20180211\phpStudySetup\PHPTutorial\WWW\Runtime\Cache\Home\d678f280cf84122e981f201997603ea5.php 第 12 行.
INFO: Run Behavior\ParseTemplateBehavior [ RunTime:0.005870s ]
INFO: [ view_parse ] --END-- [ RunTime:0.005894s ]
INFO: [ view_filter ] --START--
INFO: Run Behavior\WriteHtmlCacheBehavior [ RunTime:0.000253s ]
INFO: [ view_filter ] --END-- [ RunTime:0.000270s ]
INFO: [ app_end ] --START--
INFO: Run Behavior\ShowPageTraceBehavior [ RunTime:0.000666s ]
INFO: [ app_end ] --END-- [ RunTime:0.000700s ]

[ 2019-09-23T10:39:32+08:00 ] ::1 /index.php/Home/Task/get_task.html
INFO: [ app_init ] --START--
INFO: Run Behavior\BuildLiteBehavior [ RunTime:0.000006s ]
INFO: [ app_init ] --END-- [ RunTime:0.000193s ]
INFO: [ app_begin ] --START--
INFO: Run Behavior\ReadHtmlCacheBehavior [ RunTime:0.000268s ]
INFO: [ app_begin ] --END-- [ RunTime:0.000290s ]
NOTIC: [2] Declaration of Home\Controller\TaskController::show() should be compatible with Think\Controller::show($content, $charset = '', $contentType = '', $prefix = '') E:\PhpStudy20180211\phpStudySetup\PHPTutorial\WWW\Application\Home\Controller\TaskController.class.php 第 6 行.
SQL: SHOW COLUMNS FROM `dt_member` [ RunTime:0.0024s ]
SQL: SELECT `level` FROM `dt_member` WHERE `id` = 52772 LIMIT 1   [ RunTime:0.0002s ]
SQL: SHOW COLUMNS FROM `dt_task` [ RunTime:0.0021s ]
SQL: SELECT `level`,`price`,`max_num`,`apply_num`,`end_time` FROM `dt_task` WHERE `id` = 395 LIMIT 1   [ RunTime:0.0002s ]
SQL: SHOW COLUMNS FROM `dt_level` [ RunTime:0.0021s ]
NOTIC: [8] Only variables should be passed by reference E:\PhpStudy20180211\phpStudySetup\PHPTutorial\WWW\ThinkPHP\Library\Think\Db\Driver.class.php 第 769 行.
SQL: SELECT * FROM `dt_level` ORDER BY `id` asc  [ RunTime:0.0002s ]
SQL: SHOW COLUMNS FROM `dt_task_apply` [ RunTime:0.0019s ]
SQL: SELECT * FROM `dt_task_apply` WHERE `task_id` = 395 AND `member_id` = 52772 LIMIT 1   [ RunTime:0.0002s ]

[ 2019-09-23T10:39:36+08:00 ] ::1 /index.php/Home/Task/get_task.html
INFO: [ app_init ] --START--
INFO: Run Behavior\BuildLiteBehavior [ RunTime:0.000005s ]
INFO: [ app_init ] --END-- [ RunTime:0.000182s ]
INFO: [ app_begin ] --START--
INFO: Run Behavior\ReadHtmlCacheBehavior [ RunTime:0.000228s ]
INFO: [ app_begin ] --END-- [ RunTime:0.000245s ]
NOTIC: [2] Declaration of Home\Controller\TaskController::show() should be compatible with Think\Controller::show($content, $charset = '', $contentType = '', $prefix = '') E:\PhpStudy20180211\phpStudySetup\PHPTutorial\WWW\Application\Home\Controller\TaskController.class.php 第 6 行.
SQL: SHOW COLUMNS FROM `dt_member` [ RunTime:0.0024s ]
SQL: SELECT `level` FROM `dt_member` WHERE `id` = 52772 LIMIT 1   [ RunTime:0.0002s ]
SQL: SHOW COLUMNS FROM `dt_task` [ RunTime:0.0021s ]
SQL: SELECT `level`,`price`,`max_num`,`apply_num`,`end_time` FROM `dt_task` WHERE `id` = 394 LIMIT 1   [ RunTime:0.0002s ]
SQL: SHOW COLUMNS FROM `dt_level` [ RunTime:0.0021s ]
NOTIC: [8] Only variables should be passed by reference E:\PhpStudy20180211\phpStudySetup\PHPTutorial\WWW\ThinkPHP\Library\Think\Db\Driver.class.php 第 769 行.
SQL: SELECT * FROM `dt_level` ORDER BY `id` asc  [ RunTime:0.0002s ]

[ 2019-09-23T10:39:40+08:00 ] ::1 /index.php/Home/Task/get_task.html
INFO: [ app_init ] --START--
INFO: Run Behavior\BuildLiteBehavior [ RunTime:0.000005s ]
INFO: [ app_init ] --END-- [ RunTime:0.000184s ]
INFO: [ app_begin ] --START--
INFO: Run Behavior\ReadHtmlCacheBehavior [ RunTime:0.000238s ]
INFO: [ app_begin ] --END-- [ RunTime:0.000255s ]
NOTIC: [2] Declaration of Home\Controller\TaskController::show() should be compatible with Think\Controller::show($content, $charset = '', $contentType = '', $prefix = '') E:\PhpStudy20180211\phpStudySetup\PHPTutorial\WWW\Application\Home\Controller\TaskController.class.php 第 6 行.
SQL: SHOW COLUMNS FROM `dt_member` [ RunTime:0.0023s ]
SQL: SELECT `level` FROM `dt_member` WHERE `id` = 52772 LIMIT 1   [ RunTime:0.0002s ]
SQL: SHOW COLUMNS FROM `dt_task` [ RunTime:0.0024s ]
SQL: SELECT `level`,`price`,`max_num`,`apply_num`,`end_time` FROM `dt_task` WHERE `id` = 395 LIMIT 1   [ RunTime:0.0002s ]
SQL: SHOW COLUMNS FROM `dt_level` [ RunTime:0.0020s ]
NOTIC: [8] Only variables should be passed by reference E:\PhpStudy20180211\phpStudySetup\PHPTutorial\WWW\ThinkPHP\Library\Think\Db\Driver.class.php 第 769 行.
SQL: SELECT * FROM `dt_level` ORDER BY `id` asc  [ RunTime:0.0002s ]
SQL: SHOW COLUMNS FROM `dt_task_apply` [ RunTime:0.0020s ]
SQL: SELECT * FROM `dt_task_apply` WHERE `task_id` = 395 AND `member_id` = 52772 LIMIT 1   [ RunTime:0.0002s ]

[ 2019-09-23T10:39:43+08:00 ] ::1 /index.php/Home/Task/submission_task.html
INFO: [ app_init ] --START--
INFO: Run Behavior\BuildLiteBehavior [ RunTime:0.000011s ]
INFO: [ app_init ] --END-- [ RunTime:0.000282s ]
INFO: [ app_begin ] --START--
INFO: Run Behavior\ReadHtmlCacheBehavior [ RunTime:0.000455s ]
INFO: [ app_begin ] --END-- [ RunTime:0.000499s ]
NOTIC: [2] Declaration of Home\Controller\TaskController::show() should be compatible with Think\Controller::show($content, $charset = '', $contentType = '', $prefix = '') E:\PhpStudy20180211\phpStudySetup\PHPTutorial\WWW\Application\Home\Controller\TaskController.class.php 第 6 行.
SQL: SHOW COLUMNS FROM `dt_task_apply` [ RunTime:0.0026s ]
SQL: SELECT COUNT(*) AS tp_count FROM dt_task_apply a WHERE a.member_id = '52772' AND a.status = 0 LIMIT 1   [ RunTime:0.0002s ]
NOTIC: [8] Only variables should be passed by reference E:\PhpStudy20180211\phpStudySetup\PHPTutorial\WWW\ThinkPHP\Library\Think\Db\Driver.class.php 第 769 行.
SQL: SELECT a.*,b.title,b.task_require,b.video_url,b.tasklb,b.level,b.price,b.max_num,b.apply_num,b.max_num-b.apply_num as leftnum,b.level FROM dt_task_apply a left JOIN dt_task as b on a.task_id = b.id  WHERE a.member_id = '52772' AND a.status = 0 ORDER BY a.id desc LIMIT 0,10   [ RunTime:0.0003s ]
SQL: SHOW COLUMNS FROM `dt_level` [ RunTime:0.0020s ]
NOTIC: [8] Only variables should be passed by reference E:\PhpStudy20180211\phpStudySetup\PHPTutorial\WWW\ThinkPHP\Library\Think\Db\Driver.class.php 第 769 行.
SQL: SELECT * FROM `dt_level` ORDER BY `id` asc  [ RunTime:0.0002s ]
INFO: [ view_parse ] --START--
INFO: [ template_filter ] --START--
INFO: Run Behavior\ContentReplaceBehavior [ RunTime:0.000079s ]
INFO: [ template_filter ] --END-- [ RunTime:0.000109s ]
INFO: Run Behavior\ParseTemplateBehavior [ RunTime:0.004529s ]
INFO: [ view_parse ] --END-- [ RunTime:0.004562s ]
INFO: [ view_filter ] --START--
INFO: Run Behavior\WriteHtmlCacheBehavior [ RunTime:0.000402s ]
INFO: [ view_filter ] --END-- [ RunTime:0.000438s ]
INFO: [ app_end ] --START--
INFO: Run Behavior\ShowPageTraceBehavior [ RunTime:0.000508s ]
INFO: [ app_end ] --END-- [ RunTime:0.000540s ]

[ 2019-09-23T10:39:44+08:00 ] ::1 /index.php/Home/Member/apply.html
INFO: [ app_init ] --START--
INFO: Run Behavior\BuildLiteBehavior [ RunTime:0.000005s ]
INFO: [ app_init ] --END-- [ RunTime:0.000186s ]
INFO: [ app_begin ] --START--
INFO: Run Behavior\ReadHtmlCacheBehavior [ RunTime:0.000232s ]
INFO: [ app_begin ] --END-- [ RunTime:0.000253s ]
SQL: SHOW COLUMNS FROM `dt_task_apply` [ RunTime:0.0025s ]
SQL: SELECT COUNT(*) AS tp_count FROM `dt_task_apply` WHERE `member_id` = 52772 LIMIT 1   [ RunTime:0.0002s ]
NOTIC: [8] Only variables should be passed by reference E:\PhpStudy20180211\phpStudySetup\PHPTutorial\WWW\ThinkPHP\Library\Think\Db\Driver.class.php 第 769 行.
SQL: SELECT a.*,b.title FROM dt_task_apply a left JOIN dt_task as b on a.task_id = b.id  WHERE a.member_id = '52772' ORDER BY a.id desc LIMIT 0,10   [ RunTime:0.0002s ]
INFO: [ view_parse ] --START--
INFO: [ template_filter ] --START--
INFO: Run Behavior\ContentReplaceBehavior [ RunTime:0.000059s ]
INFO: [ template_filter ] --END-- [ RunTime:0.000082s ]
INFO: Run Behavior\ParseTemplateBehavior [ RunTime:0.004963s ]
INFO: [ view_parse ] --END-- [ RunTime:0.004988s ]
INFO: [ view_filter ] --START--
INFO: Run Behavior\WriteHtmlCacheBehavior [ RunTime:0.000246s ]
INFO: [ view_filter ] --END-- [ RunTime:0.000264s ]
INFO: [ app_end ] --START--
INFO: Run Behavior\ShowPageTraceBehavior [ RunTime:0.000327s ]
INFO: [ app_end ] --END-- [ RunTime:0.000343s ]

[ 2019-09-23T10:39:46+08:00 ] ::1 /index.php/Home/Member/apply_show/id/2844.html
INFO: [ app_init ] --START--
INFO: Run Behavior\BuildLiteBehavior [ RunTime:0.000006s ]
INFO: [ app_init ] --END-- [ RunTime:0.000191s ]
INFO: [ app_begin ] --START--
INFO: Run Behavior\ReadHtmlCacheBehavior [ RunTime:0.000243s ]
INFO: [ app_begin ] --END-- [ RunTime:0.000263s ]
SQL: SHOW COLUMNS FROM `dt_task_apply` [ RunTime:0.0024s ]
SQL: SELECT * FROM `dt_task_apply` WHERE `id` = 2844 LIMIT 1   [ RunTime:0.0002s ]
SQL: SHOW COLUMNS FROM `dt_task` [ RunTime:0.0020s ]
SQL: SELECT `title` FROM `dt_task` WHERE `id` = 395 LIMIT 1   [ RunTime:0.0002s ]
INFO: [ view_parse ] --START--
INFO: [ template_filter ] --START--
INFO: Run Behavior\ContentReplaceBehavior [ RunTime:0.000054s ]
INFO: [ template_filter ] --END-- [ RunTime:0.000080s ]
INFO: Run Behavior\ParseTemplateBehavior [ RunTime:0.004227s ]
INFO: [ view_parse ] --END-- [ RunTime:0.004250s ]
INFO: [ view_filter ] --START--
INFO: Run Behavior\WriteHtmlCacheBehavior [ RunTime:0.000192s ]
INFO: [ view_filter ] --END-- [ RunTime:0.000208s ]
INFO: [ app_end ] --START--
INFO: Run Behavior\ShowPageTraceBehavior [ RunTime:0.000316s ]
INFO: [ app_end ] --END-- [ RunTime:0.000333s ]

[ 2019-09-23T10:39:50+08:00 ] ::1 /index.php/Home/Index/index.html
INFO: [ app_init ] --START--
INFO: Run Behavior\BuildLiteBehavior [ RunTime:0.000006s ]
INFO: [ app_init ] --END-- [ RunTime:0.000194s ]
INFO: [ app_begin ] --START--
INFO: Run Behavior\ReadHtmlCacheBehavior [ RunTime:0.000253s ]
INFO: [ app_begin ] --END-- [ RunTime:0.000275s ]
SQL: SHOW COLUMNS FROM `dt_task` [ RunTime:0.0023s ]
NOTIC: [8] Only variables should be passed by reference E:\PhpStudy20180211\phpStudySetup\PHPTutorial\WWW\ThinkPHP\Library\Think\Db\Driver.class.php 第 769 行.
SQL: SELECT `id`,`title`,`level`,`price`,`create_time`,`max_num`,`apply_num`,max_num-apply_num as leftnum,`tasklb`,`task_require`,`video_url`,`end_time` FROM `dt_task` WHERE `status` = 1 ORDER BY `id` desc LIMIT 800   [ RunTime:0.0006s ]
SQL: SHOW COLUMNS FROM `dt_level` [ RunTime:0.0021s ]
NOTIC: [8] Only variables should be passed by reference E:\PhpStudy20180211\phpStudySetup\PHPTutorial\WWW\ThinkPHP\Library\Think\Db\Driver.class.php 第 769 行.
SQL: SELECT * FROM `dt_level` ORDER BY `id` asc  [ RunTime:0.0002s ]
SQL: SHOW COLUMNS FROM `dt_page` [ RunTime:0.0021s ]
NOTIC: [8] Only variables should be passed by reference E:\PhpStudy20180211\phpStudySetup\PHPTutorial\WWW\ThinkPHP\Library\Think\Db\Driver.class.php 第 769 行.
SQL: SELECT `id`,`title`,`update_time` FROM `dt_page` WHERE `recommend` = 1 ORDER BY `update_time` asc LIMIT 3   [ RunTime:0.0002s ]
INFO: [ view_parse ] --START--
INFO: [ template_filter ] --START--
INFO: Run Behavior\ContentReplaceBehavior [ RunTime:0.000092s ]
INFO: [ template_filter ] --END-- [ RunTime:0.000116s ]
NOTIC: [8] Undefined variable: version E:\PhpStudy20180211\phpStudySetup\PHPTutorial\WWW\Runtime\Cache\Home\d678f280cf84122e981f201997603ea5.php 第 12 行.
INFO: Run Behavior\ParseTemplateBehavior [ RunTime:0.006138s ]
INFO: [ view_parse ] --END-- [ RunTime:0.006159s ]
INFO: [ view_filter ] --START--
INFO: Run Behavior\WriteHtmlCacheBehavior [ RunTime:0.000209s ]
INFO: [ view_filter ] --END-- [ RunTime:0.000224s ]
INFO: [ app_end ] --START--
INFO: Run Behavior\ShowPageTraceBehavior [ RunTime:0.000649s ]
INFO: [ app_end ] --END-- [ RunTime:0.000700s ]

[ 2019-09-23T10:39:55+08:00 ] ::1 /index.php/Home/Task/get_task.html
INFO: [ app_init ] --START--
INFO: Run Behavior\BuildLiteBehavior [ RunTime:0.000005s ]
INFO: [ app_init ] --END-- [ RunTime:0.000176s ]
INFO: [ app_begin ] --START--
INFO: Run Behavior\ReadHtmlCacheBehavior [ RunTime:0.000229s ]
INFO: [ app_begin ] --END-- [ RunTime:0.000247s ]
NOTIC: [2] Declaration of Home\Controller\TaskController::show() should be compatible with Think\Controller::show($content, $charset = '', $contentType = '', $prefix = '') E:\PhpStudy20180211\phpStudySetup\PHPTutorial\WWW\Application\Home\Controller\TaskController.class.php 第 6 行.
SQL: SHOW COLUMNS FROM `dt_member` [ RunTime:0.0028s ]
SQL: SELECT `level` FROM `dt_member` WHERE `id` = 52772 LIMIT 1   [ RunTime:0.0002s ]
SQL: SHOW COLUMNS FROM `dt_task` [ RunTime:0.0021s ]
SQL: SELECT `level`,`price`,`max_num`,`apply_num`,`end_time` FROM `dt_task` WHERE `id` = 393 LIMIT 1   [ RunTime:0.0002s ]
SQL: SHOW COLUMNS FROM `dt_level` [ RunTime:0.0021s ]
NOTIC: [8] Only variables should be passed by reference E:\PhpStudy20180211\phpStudySetup\PHPTutorial\WWW\ThinkPHP\Library\Think\Db\Driver.class.php 第 769 行.
SQL: SELECT * FROM `dt_level` ORDER BY `id` asc  [ RunTime:0.0002s ]
SQL: SHOW COLUMNS FROM `dt_task_apply` [ RunTime:0.0019s ]
SQL: SELECT * FROM `dt_task_apply` WHERE `task_id` = 393 AND `member_id` = 52772 LIMIT 1   [ RunTime:0.0002s ]
SQL: SELECT `day_limit_task_num` FROM `dt_level` WHERE `level` = 0 LIMIT 1   [ RunTime:0.0001s ]
SQL: SELECT COUNT(*) AS tp_count FROM `dt_task_apply` WHERE (  create_time > 1569168000 and member_id=52772  ) LIMIT 1   [ RunTime:0.0001s ]
SQL: INSERT INTO `dt_task_apply` (`task_id`,`member_id`,`price`,`status`,`create_time`,`update_time`) VALUES ('393','52772','0.60','0','1569206395','1569206395') [ RunTime:0.0002s ]
SQL: UPDATE `dt_task` SET `apply_num`=apply_num+1 WHERE `id` = 393 [ RunTime:0.0002s ]

[ 2019-09-23T10:39:58+08:00 ] ::1 /index.php/Home/Task/submission_task.html
INFO: [ app_init ] --START--
INFO: Run Behavior\BuildLiteBehavior [ RunTime:0.000005s ]
INFO: [ app_init ] --END-- [ RunTime:0.000185s ]
INFO: [ app_begin ] --START--
INFO: Run Behavior\ReadHtmlCacheBehavior [ RunTime:0.000238s ]
INFO: [ app_begin ] --END-- [ RunTime:0.000257s ]
NOTIC: [2] Declaration of Home\Controller\TaskController::show() should be compatible with Think\Controller::show($content, $charset = '', $contentType = '', $prefix = '') E:\PhpStudy20180211\phpStudySetup\PHPTutorial\WWW\Application\Home\Controller\TaskController.class.php 第 6 行.
SQL: SHOW COLUMNS FROM `dt_task_apply` [ RunTime:0.0022s ]
SQL: SELECT COUNT(*) AS tp_count FROM dt_task_apply a WHERE a.member_id = '52772' AND a.status = 0 LIMIT 1   [ RunTime:0.0002s ]
NOTIC: [8] Only variables should be passed by reference E:\PhpStudy20180211\phpStudySetup\PHPTutorial\WWW\ThinkPHP\Library\Think\Db\Driver.class.php 第 769 行.
SQL: SELECT a.*,b.title,b.task_require,b.video_url,b.tasklb,b.level,b.price,b.max_num,b.apply_num,b.max_num-b.apply_num as leftnum,b.level FROM dt_task_apply a left JOIN dt_task as b on a.task_id = b.id  WHERE a.member_id = '52772' AND a.status = 0 ORDER BY a.id desc LIMIT 0,10   [ RunTime:0.0003s ]
SQL: SHOW COLUMNS FROM `dt_level` [ RunTime:0.0021s ]
NOTIC: [8] Only variables should be passed by reference E:\PhpStudy20180211\phpStudySetup\PHPTutorial\WWW\ThinkPHP\Library\Think\Db\Driver.class.php 第 769 行.
SQL: SELECT * FROM `dt_level` ORDER BY `id` asc  [ RunTime:0.0002s ]
INFO: [ view_parse ] --START--
INFO: [ template_filter ] --START--
INFO: Run Behavior\ContentReplaceBehavior [ RunTime:0.000063s ]
INFO: [ template_filter ] --END-- [ RunTime:0.000084s ]
INFO: Run Behavior\ParseTemplateBehavior [ RunTime:0.005351s ]
INFO: [ view_parse ] --END-- [ RunTime:0.005386s ]
INFO: [ view_filter ] --START--
INFO: Run Behavior\WriteHtmlCacheBehavior [ RunTime:0.000363s ]
INFO: [ view_filter ] --END-- [ RunTime:0.000388s ]
INFO: [ app_end ] --START--
INFO: Run Behavior\ShowPageTraceBehavior [ RunTime:0.003331s ]
INFO: [ app_end ] --END-- [ RunTime:0.003372s ]

[ 2019-09-23T10:40:37+08:00 ] ::1 /index.php/Home/Task/submission_task_do/id/2845.html
INFO: [ app_init ] --START--
INFO: Run Behavior\BuildLiteBehavior [ RunTime:0.000006s ]
INFO: [ app_init ] --END-- [ RunTime:0.000181s ]
INFO: [ app_begin ] --START--
INFO: Run Behavior\ReadHtmlCacheBehavior [ RunTime:0.000237s ]
INFO: [ app_begin ] --END-- [ RunTime:0.000257s ]
NOTIC: [2] Declaration of Home\Controller\TaskController::show() should be compatible with Think\Controller::show($content, $charset = '', $contentType = '', $prefix = '') E:\PhpStudy20180211\phpStudySetup\PHPTutorial\WWW\Application\Home\Controller\TaskController.class.php 第 6 行.
SQL: SHOW COLUMNS FROM `dt_task_apply` [ RunTime:0.0024s ]
SQL: SELECT * FROM `dt_task_apply` WHERE `id` = 2845 LIMIT 1   [ RunTime:0.0002s ]
SQL: SHOW COLUMNS FROM `dt_task` [ RunTime:0.0021s ]
SQL: SELECT `title` FROM `dt_task` WHERE `id` = 393 LIMIT 1   [ RunTime:0.0002s ]
INFO: [ view_parse ] --START--
INFO: [ template_filter ] --START--
INFO: Run Behavior\ContentReplaceBehavior [ RunTime:0.000178s ]
INFO: [ template_filter ] --END-- [ RunTime:0.000198s ]
INFO: Run Behavior\ParseTemplateBehavior [ RunTime:0.004057s ]
INFO: [ view_parse ] --END-- [ RunTime:0.004078s ]
INFO: [ view_filter ] --START--
INFO: Run Behavior\WriteHtmlCacheBehavior [ RunTime:0.000192s ]
INFO: [ view_filter ] --END-- [ RunTime:0.000208s ]
INFO: [ app_end ] --START--
INFO: Run Behavior\ShowPageTraceBehavior [ RunTime:0.000523s ]
INFO: [ app_end ] --END-- [ RunTime:0.000555s ]

[ 2019-09-23T10:40:42+08:00 ] ::1 /index.php/Home/Task/submission_task_do.html
INFO: [ app_init ] --START--
INFO: Run Behavior\BuildLiteBehavior [ RunTime:0.000006s ]
INFO: [ app_init ] --END-- [ RunTime:0.000184s ]
INFO: [ app_begin ] --START--
INFO: Run Behavior\ReadHtmlCacheBehavior [ RunTime:0.000233s ]
INFO: [ app_begin ] --END-- [ RunTime:0.000250s ]
NOTIC: [2] Declaration of Home\Controller\TaskController::show() should be compatible with Think\Controller::show($content, $charset = '', $contentType = '', $prefix = '') E:\PhpStudy20180211\phpStudySetup\PHPTutorial\WWW\Application\Home\Controller\TaskController.class.php 第 6 行.
SQL: SHOW COLUMNS FROM `dt_task_apply` [ RunTime:0.0025s ]
SQL: SELECT * FROM `dt_task_apply` WHERE `id` = 2845 LIMIT 1   [ RunTime:0.0003s ]

